SF:lib/model/amputation.dart
DA:23,0
DA:25,0
DA:27,1
DA:37,1
DA:38,1
DA:39,2
DA:40,2
DA:41,2
DA:42,2
DA:43,2
DA:44,2
DA:45,2
DA:46,1
DA:50,0
DA:51,0
DA:52,0
DA:53,0
DA:54,0
DA:55,0
DA:56,0
DA:57,0
DA:58,0
DA:62,0
DA:64,0
DA:65,0
DA:66,0
DA:67,0
DA:68,0
DA:69,0
DA:70,0
DA:71,0
DA:73,0
DA:74,0
DA:75,0
DA:77,0
DA:78,0
DA:79,0
DA:80,0
DA:81,0
DA:82,0
DA:83,0
DA:84,0
DA:85,0
DA:86,0
DA:90,0
DA:91,0
DA:95,0
DA:97,0
DA:98,0
DA:99,0
DA:100,0
DA:101,0
DA:102,0
DA:108,0
DA:109,0
DA:110,0
DA:111,0
DA:112,0
DA:113,0
DA:114,0
DA:115,0
DA:116,0
DA:117,0
LF:63
LH:11
end_of_record
SF:lib/model/condition.dart
DA:11,0
DA:13,0
DA:15,0
DA:17,0
DA:20,0
DA:23,0
DA:29,0
DA:30,0
DA:32,0
DA:35,0
DA:36,0
LF:11
LH:0
end_of_record
SF:lib/model/domain_weight_distribution.dart
DA:12,0
DA:20,0
DA:21,0
DA:25,0
DA:26,0
DA:27,0
DA:28,0
DA:29,0
DA:30,0
DA:31,0
DA:34,0
DA:35,0
DA:38,0
DA:40,0
DA:41,0
DA:42,0
DA:43,0
DA:44,0
DA:45,0
DA:46,0
DA:47,0
DA:48,0
DA:49,0
DA:50,0
DA:51,0
DA:55,0
DA:56,0
DA:57,0
DA:58,0
DA:59,0
DA:60,0
DA:61,0
DA:62,0
DA:66,0
DA:67,0
DA:69,0
DA:70,0
DA:71,0
DA:72,0
DA:73,0
DA:78,0
DA:79,0
LF:42
LH:0
end_of_record
SF:lib/model/encounter.g.dart
DA:13,0
DA:15,0
DA:16,0
DA:17,0
DA:19,0
DA:20,0
DA:21,0
DA:22,0
DA:23,0
DA:24,0
DA:25,0
DA:26,0
DA:27,0
DA:28,0
DA:29,0
DA:30,0
DA:31,0
DA:35,0
DA:38,0
DA:39,0
DA:40,0
DA:41,0
DA:42,0
DA:43,0
DA:44,0
DA:45,0
DA:46,0
DA:47,0
DA:48,0
DA:49,0
DA:50,0
DA:51,0
DA:52,0
DA:53,0
DA:54,0
DA:55,0
DA:56,0
DA:57,0
DA:58,0
DA:59,0
DA:60,0
DA:61,0
DA:62,0
DA:63,0
DA:64,0
DA:67,0
DA:68,0
DA:70,0
DA:73,0
DA:74,0
DA:75,0
LF:51
LH:0
end_of_record
SF:lib/model/encounter.dart
DA:51,0
DA:53,0
DA:57,0
DA:58,0
DA:78,0
DA:79,0
DA:86,0
DA:88,0
DA:89,0
DA:104,0
DA:105,0
DA:106,0
DA:107,0
DA:108,0
DA:109,0
DA:111,0
DA:121,0
DA:123,0
DA:125,0
DA:127,0
DA:128,0
DA:132,0
DA:149,0
DA:152,0
DA:163,0
DA:165,0
DA:168,0
DA:171,0
DA:172,0
DA:175,0
DA:178,0
DA:179,0
DA:182,0
DA:183,0
DA:186,0
DA:189,0
DA:190,0
DA:193,0
DA:194,0
DA:197,0
DA:198,0
DA:199,0
DA:200,0
DA:212,0
DA:213,0
DA:216,0
DA:217,0
DA:223,0
DA:224,0
DA:225,0
DA:226,0
DA:227,0
DA:229,0
DA:238,0
DA:239,0
DA:240,0
DA:241,0
DA:242,0
DA:244,0
DA:246,0
DA:247,0
DA:248,0
DA:249,0
DA:250,0
DA:252,0
DA:261,0
DA:262,0
DA:263,0
DA:264,0
DA:265,0
DA:267,0
DA:276,0
DA:277,0
DA:278,0
DA:279,0
DA:280,0
DA:282,0
DA:291,0
DA:292,0
DA:293,0
DA:294,0
DA:295,0
DA:297,0
DA:306,0
DA:307,0
DA:308,0
DA:309,0
DA:310,0
DA:312,0
DA:321,0
DA:322,0
DA:323,0
DA:324,0
DA:325,0
DA:327,0
DA:336,0
DA:337,0
DA:338,0
DA:339,0
DA:340,0
DA:342,0
DA:351,0
DA:352,0
DA:353,0
DA:354,0
DA:355,0
DA:357,0
DA:366,0
DA:367,0
DA:368,0
DA:369,0
DA:370,0
DA:372,0
DA:381,0
DA:382,0
DA:383,0
DA:384,0
DA:385,0
DA:387,0
DA:393,0
DA:394,0
DA:396,0
DA:397,0
DA:398,0
DA:399,0
DA:400,0
DA:401,0
DA:402,0
DA:403,0
DA:406,0
DA:407,0
DA:408,0
DA:412,0
DA:413,0
DA:414,0
DA:418,0
DA:419,0
DA:421,0
DA:422,0
DA:425,0
DA:426,0
DA:429,0
DA:430,0
DA:431,0
DA:437,0
DA:438,0
DA:439,0
DA:446,0
DA:448,0
DA:451,0
DA:454,0
DA:455,0
DA:458,0
DA:459,0
DA:461,0
DA:464,0
DA:465,0
DA:468,0
DA:469,0
DA:473,0
DA:474,0
DA:476,0
DA:477,0
DA:480,0
DA:484,0
DA:486,0
DA:487,0
DA:489,0
DA:490,0
DA:491,0
DA:497,0
DA:499,0
DA:500,0
DA:502,0
DA:507,0
DA:512,0
DA:513,0
DA:514,0
DA:521,0
DA:522,0
DA:523,0
DA:524,0
DA:525,0
DA:526,0
DA:527,0
DA:528,0
LF:186
LH:0
end_of_record
SF:lib/model/episode_of_care.dart
DA:21,1
DA:34,0
DA:35,0
DA:36,0
DA:37,0
DA:38,0
DA:39,0
DA:40,0
DA:41,0
DA:42,0
DA:43,0
DA:44,0
DA:45,0
DA:46,0
DA:47,0
DA:52,0
DA:54,0
DA:55,0
DA:56,0
DA:57,0
DA:58,0
DA:59,0
DA:60,0
DA:61,0
DA:62,0
DA:63,0
DA:64,0
DA:65,0
DA:68,0
DA:69,0
DA:70,0
DA:71,0
DA:72,0
DA:73,0
DA:74,0
DA:75,0
DA:76,0
DA:77,0
DA:78,0
DA:79,0
DA:80,0
DA:82,0
DA:83,0
DA:84,0
DA:85,0
DA:86,0
DA:87,0
DA:88,0
DA:90,0
DA:92,0
DA:94,0
DA:95,0
DA:96,0
DA:104,1
DA:105,1
DA:107,1
DA:108,4
DA:110,1
DA:111,4
DA:113,1
DA:114,4
DA:116,1
DA:117,4
DA:119,1
DA:120,2
DA:121,2
DA:123,1
DA:124,1
DA:125,6
DA:126,1
DA:128,1
DA:129,1
DA:130,6
DA:131,1
DA:133,1
DA:134,1
DA:135,6
DA:136,1
DA:138,1
DA:139,3
DA:142,1
DA:144,4
LF:82
LH:30
end_of_record
SF:lib/model/kLevel.dart
DA:11,0
DA:13,0
DA:17,0
DA:21,0
DA:22,0
DA:24,0
DA:27,0
DA:28,0
LF:8
LH:0
end_of_record
SF:lib/model/outcome_measures/outcome_measure.dart
DA:41,0
DA:43,0
DA:45,0
DA:46,0
DA:48,0
DA:49,0
DA:62,0
DA:63,0
DA:64,0
DA:67,0
DA:68,0
DA:71,0
DA:72,0
DA:74,0
DA:76,7
DA:77,7
DA:78,21
DA:79,21
DA:80,28
DA:81,21
DA:82,21
DA:83,28
DA:84,28
DA:85,7
DA:86,21
DA:87,28
DA:89,0
DA:93,0
DA:95,0
DA:96,0
DA:97,0
DA:98,0
DA:99,0
DA:100,0
DA:101,0
DA:102,0
DA:103,0
DA:104,0
DA:107,0
DA:111,0
DA:115,0
DA:119,0
DA:120,0
DA:123,0
DA:124,0
DA:125,0
DA:126,0
DA:130,0
DA:131,0
DA:132,0
DA:135,0
DA:137,0
DA:138,0
DA:141,0
DA:145,0
DA:147,0
DA:148,0
DA:150,0
DA:152,0
DA:154,0
DA:156,0
DA:162,0
DA:163,0
DA:170,0
DA:172,0
DA:173,0
DA:174,0
DA:175,0
DA:176,0
DA:177,0
DA:178,0
DA:179,0
DA:180,0
DA:181,0
DA:182,0
DA:183,0
DA:184,0
DA:185,0
DA:186,0
DA:188,0
DA:192,0
DA:193,0
DA:194,0
DA:196,0
DA:197,0
DA:199,0
DA:200,0
DA:202,0
DA:205,0
DA:206,0
DA:210,0
DA:213,0
DA:216,0
DA:217,0
DA:219,3
DA:221,3
DA:222,9
DA:223,3
DA:224,6
DA:227,6
DA:231,0
DA:232,0
LF:102
LH:18
end_of_record
SF:lib/model/patient.g.dart
DA:13,0
DA:15,0
DA:16,0
DA:17,0
DA:19,0
DA:20,0
DA:21,0
DA:22,0
DA:23,0
DA:24,0
DA:25,0
DA:26,0
DA:27,0
DA:28,0
DA:29,0
DA:30,0
DA:31,0
DA:32,0
DA:33,0
DA:34,0
DA:35,0
DA:37,0
DA:38,0
DA:41,0
DA:44,0
DA:45,0
DA:46,0
DA:47,0
DA:48,0
DA:49,0
DA:50,0
DA:51,0
DA:52,0
DA:53,0
DA:54,0
DA:55,0
DA:56,0
DA:57,0
DA:58,0
DA:59,0
DA:60,0
DA:61,0
DA:62,0
DA:63,0
DA:64,0
DA:65,0
DA:66,0
DA:67,0
DA:68,0
DA:69,0
DA:70,0
DA:71,0
DA:72,0
DA:73,0
DA:74,0
DA:75,0
DA:76,0
DA:77,0
DA:78,0
DA:79,0
DA:80,0
DA:83,0
DA:84,0
DA:86,0
DA:89,0
DA:90,0
DA:91,0
LF:67
LH:0
end_of_record
SF:lib/model/patient.dart
DA:41,0
DA:55,0
DA:59,0
DA:60,0
DA:61,0
DA:62,0
DA:63,0
DA:65,0
DA:69,0
DA:70,0
DA:93,0
DA:94,0
DA:95,0
DA:96,0
DA:98,0
DA:102,0
DA:103,0
DA:111,0
DA:112,0
DA:113,0
DA:114,0
DA:116,0
DA:120,0
DA:121,0
DA:139,1
DA:158,2
DA:161,1
DA:162,1
DA:163,1
DA:164,1
DA:165,2
DA:166,2
DA:167,1
DA:168,2
DA:169,1
DA:170,1
DA:171,1
DA:172,1
DA:173,1
DA:174,1
DA:175,0
DA:177,2
DA:178,2
DA:179,2
DA:180,1
DA:181,0
DA:183,2
DA:187,0
DA:188,0
DA:189,0
DA:190,0
DA:191,0
DA:192,0
DA:197,0
DA:198,0
DA:200,0
DA:201,0
DA:207,0
DA:209,0
DA:211,0
DA:212,0
DA:213,0
DA:217,0
DA:218,0
DA:222,0
DA:223,0
DA:225,0
DA:226,0
DA:228,0
DA:229,0
DA:230,0
DA:231,0
DA:232,0
DA:234,0
DA:235,0
DA:237,0
DA:238,0
DA:239,0
DA:241,0
DA:243,0
DA:244,0
DA:251,0
DA:252,0
DA:255,0
DA:257,0
LF:85
LH:21
end_of_record
SF:lib/model/pre_post_episode_of_care.dart
DA:34,2
DA:35,1
DA:36,1
DA:37,1
DA:38,1
DA:39,1
DA:40,1
DA:41,1
DA:42,1
DA:43,1
DA:46,1
DA:71,0
DA:72,0
DA:73,0
DA:74,0
DA:75,0
DA:76,0
DA:77,0
DA:78,0
DA:79,0
DA:80,0
DA:81,0
DA:82,0
DA:83,0
DA:84,0
DA:85,0
DA:86,0
DA:87,0
DA:88,0
DA:89,0
DA:90,0
DA:91,0
DA:92,0
DA:93,0
DA:94,0
DA:95,0
DA:96,0
DA:97,0
DA:102,0
DA:104,0
DA:105,0
DA:106,0
DA:107,0
DA:108,0
DA:109,0
DA:110,0
DA:111,0
DA:112,0
DA:113,0
DA:114,0
DA:115,0
DA:116,0
DA:117,0
DA:118,0
DA:119,0
DA:120,0
DA:121,0
DA:122,0
DA:123,0
DA:124,0
DA:125,0
DA:126,0
DA:127,0
DA:128,0
DA:130,0
DA:132,0
DA:133,0
DA:134,0
DA:135,0
DA:136,0
DA:137,0
DA:138,0
DA:139,0
DA:140,0
DA:141,0
DA:142,0
DA:143,0
DA:144,0
DA:145,0
DA:146,0
DA:147,0
DA:148,0
DA:149,0
DA:150,0
DA:151,0
DA:152,0
DA:153,0
DA:155,0
DA:156,0
DA:157,0
DA:159,0
DA:160,0
DA:161,0
DA:162,0
DA:163,0
DA:164,0
DA:165,0
DA:166,0
DA:167,0
DA:168,0
DA:169,0
DA:170,0
DA:171,0
DA:172,0
DA:173,0
DA:174,0
DA:175,0
DA:176,0
DA:177,0
DA:178,0
DA:179,0
DA:180,0
DA:187,1
DA:188,1
DA:189,3
DA:192,1
DA:193,3
DA:194,4
DA:195,3
DA:196,2
DA:197,2
DA:198,4
DA:201,1
DA:204,1
DA:205,4
DA:207,1
DA:208,2
DA:209,2
DA:212,1
DA:213,4
DA:215,1
DA:216,1
DA:217,3
DA:219,1
DA:220,4
DA:222,1
DA:223,4
DA:225,1
DA:226,4
DA:228,1
DA:229,4
DA:231,1
DA:232,4
DA:234,1
DA:236,4
DA:238,1
DA:239,4
DA:241,1
DA:242,1
DA:243,3
DA:245,1
DA:246,4
LF:152
LH:51
end_of_record
SF:lib/model/socket_info.dart
DA:27,1
DA:43,0
DA:44,0
DA:45,0
DA:46,0
DA:47,0
DA:48,0
DA:49,0
DA:50,0
DA:51,0
DA:52,0
DA:53,0
DA:54,0
DA:55,0
DA:56,0
DA:57,0
DA:58,0
DA:59,0
DA:64,0
DA:66,0
DA:67,0
DA:68,0
DA:69,0
DA:70,0
DA:71,0
DA:72,0
DA:73,0
DA:74,0
DA:75,0
DA:76,0
DA:77,0
DA:78,0
DA:79,0
DA:80,0
DA:82,0
DA:83,0
DA:84,0
DA:85,0
DA:86,0
DA:87,0
DA:88,0
DA:89,0
DA:90,0
DA:91,0
DA:92,0
DA:93,0
DA:94,0
DA:95,0
DA:96,0
DA:97,0
DA:99,0
DA:100,0
DA:101,0
DA:102,0
DA:103,0
DA:104,0
DA:105,0
DA:106,0
DA:107,0
DA:108,0
DA:109,0
DA:110,0
DA:111,0
DA:113,0
DA:115,0
DA:117,0
DA:122,1
DA:123,1
DA:125,1
DA:126,5
DA:129,1
DA:130,1
DA:131,5
DA:133,1
DA:134,5
DA:136,1
DA:137,5
DA:139,1
DA:141,5
DA:143,1
DA:144,5
DA:146,1
DA:147,5
DA:149,1
DA:150,5
DA:152,1
DA:153,1
DA:154,6
DA:155,1
DA:157,1
DA:158,5
DA:160,1
DA:161,5
DA:163,1
DA:164,1
DA:165,6
DA:166,1
DA:168,1
DA:169,1
DA:170,6
DA:171,1
DA:173,1
DA:174,1
DA:175,6
DA:176,1
LF:105
LH:40
end_of_record
SF:lib/services/app_locale_service.dart
DA:13,0
DA:15,0
DA:16,0
DA:19,0
DA:21,0
DA:23,0
DA:24,0
DA:25,0
DA:29,0
DA:30,0
DA:31,0
DA:34,0
DA:37,0
DA:38,0
DA:39,0
DA:42,0
DA:44,0
DA:45,0
DA:46,0
DA:49,0
DA:50,0
DA:53,0
DA:54,0
LF:23
LH:0
end_of_record
SF:lib/services/outcome_measure_load_service.dart
DA:26,0
DA:27,0
DA:30,0
DA:31,0
DA:34,0
DA:37,0
DA:40,0
DA:41,0
DA:43,0
DA:46,0
DA:48,0
DA:50,0
DA:51,0
DA:52,0
DA:53,0
DA:54,0
DA:55,0
DA:58,0
DA:61,0
DA:62,0
DA:64,0
DA:66,0
DA:68,0
DA:70,0
DA:71,0
DA:72,0
DA:73,0
DA:74,0
DA:75,0
DA:76,0
DA:77,0
DA:81,0
DA:83,0
DA:84,0
DA:85,0
DA:88,0
DA:93,0
DA:94,0
DA:96,0
DA:97,0
DA:100,0
DA:102,0
DA:106,0
DA:111,0
DA:112,0
DA:116,0
DA:118,0
LF:47
LH:0
end_of_record
SF:lib/app/app.locator.dart
DA:28,39
DA:30,0
DA:35,0
DA:39,0
DA:40,0
DA:41,0
DA:42,0
DA:43,0
DA:44,0
DA:45,0
DA:46,0
DA:47,0
DA:48,0
DA:49,0
DA:50,0
DA:51,0
DA:52,0
DA:53,0
DA:54,0
LF:19
LH:1
end_of_record
SF:lib/services/cloud_service.dart
DA:44,2
DA:49,2
DA:53,2
DA:54,2
DA:57,2
DA:62,1
DA:63,0
DA:64,4
DA:68,1
DA:69,2
DA:72,1
DA:76,3
DA:77,1
DA:78,2
DA:80,1
DA:81,2
DA:82,4
DA:84,1
DA:86,2
DA:87,3
DA:88,3
DA:90,2
DA:91,5
DA:100,1
DA:101,2
DA:103,1
DA:106,2
DA:107,1
DA:110,1
DA:111,1
DA:112,1
DA:117,3
DA:119,1
DA:121,3
DA:122,3
DA:130,1
DA:131,2
DA:134,1
DA:137,3
DA:138,1
DA:139,3
DA:141,1
DA:149,1
DA:151,2
DA:153,1
DA:157,1
DA:158,1
DA:159,1
DA:163,3
DA:165,1
DA:167,2
DA:169,3
DA:170,1
DA:171,1
DA:173,2
DA:175,2
DA:178,1
DA:182,2
DA:184,1
DA:185,3
DA:186,1
DA:195,1
DA:199,2
DA:201,1
DA:206,1
DA:207,3
DA:209,2
DA:210,3
DA:211,3
DA:212,3
DA:215,2
DA:217,1
DA:219,1
DA:220,1
DA:221,1
DA:222,1
DA:225,2
DA:226,1
DA:227,2
DA:231,3
DA:233,1
DA:235,2
DA:237,1
DA:239,1
DA:241,1
DA:242,1
DA:243,1
DA:244,3
DA:246,1
DA:250,2
DA:252,1
DA:253,1
DA:254,3
DA:261,1
DA:262,2
DA:264,2
DA:266,2
DA:267,2
DA:268,1
DA:271,1
DA:272,1
DA:273,1
DA:276,2
DA:277,1
DA:278,2
DA:282,3
DA:284,1
DA:286,2
DA:289,1
DA:293,2
DA:295,1
DA:296,1
DA:297,3
DA:304,1
DA:309,2
DA:311,1
DA:315,1
DA:316,2
DA:317,1
DA:318,2
DA:321,1
DA:323,1
DA:324,1
DA:325,1
DA:328,2
DA:329,1
DA:330,2
DA:334,3
DA:336,1
DA:338,2
DA:340,1
DA:341,1
DA:345,2
DA:347,1
DA:348,3
DA:349,1
DA:360,1
DA:365,2
DA:367,1
DA:371,1
DA:372,2
DA:373,1
DA:374,2
DA:377,1
DA:379,1
DA:380,1
DA:381,1
DA:384,2
DA:385,1
DA:386,2
DA:390,3
DA:392,1
DA:394,2
DA:396,1
DA:397,1
DA:401,2
DA:403,1
DA:404,3
DA:405,1
DA:416,1
DA:418,2
DA:420,1
DA:424,1
DA:426,2
DA:427,1
DA:428,2
DA:431,1
DA:433,1
DA:434,1
DA:435,1
DA:438,2
DA:439,1
DA:440,2
DA:444,3
DA:446,1
DA:448,2
DA:450,1
DA:451,1
DA:455,2
DA:457,1
DA:458,3
DA:459,1
DA:467,1
DA:469,2
DA:471,1
DA:475,1
DA:476,1
DA:477,1
DA:480,1
DA:481,1
DA:482,1
DA:483,1
DA:489,3
DA:493,3
DA:495,1
DA:496,2
DA:498,1
DA:499,1
DA:500,1
DA:502,2
DA:505,1
DA:509,2
DA:511,1
DA:512,3
DA:513,1
DA:521,1
DA:523,2
DA:525,1
DA:529,7
DA:531,1
DA:532,2
DA:533,2
DA:534,2
DA:537,1
DA:539,1
DA:540,1
DA:541,1
DA:544,2
DA:545,1
DA:546,2
DA:550,3
DA:552,1
DA:554,2
DA:556,2
DA:557,1
DA:561,2
DA:563,1
DA:564,1
DA:565,3
DA:572,1
DA:574,2
DA:576,2
DA:578,4
DA:580,1
DA:581,1
DA:582,1
DA:585,2
DA:586,1
DA:587,2
DA:591,3
DA:593,1
DA:595,2
DA:596,1
DA:600,2
DA:602,1
DA:603,1
DA:604,3
DA:611,1
DA:613,2
DA:616,3
DA:618,2
DA:619,2
DA:622,1
DA:623,1
DA:624,1
DA:627,2
DA:628,1
DA:629,2
DA:633,3
DA:635,1
DA:637,2
DA:638,1
DA:642,2
DA:644,1
DA:645,3
DA:646,1
DA:654,0
DA:656,0
DA:658,0
DA:660,0
DA:661,0
DA:668,1
DA:671,2
DA:673,1
DA:677,3
DA:679,1
DA:680,1
DA:681,1
DA:684,2
DA:685,1
DA:686,2
DA:690,3
DA:692,1
DA:694,4
DA:696,2
DA:697,1
DA:698,1
DA:702,2
DA:704,1
DA:705,3
DA:706,1
DA:713,1
DA:714,2
DA:717,3
DA:721,1
DA:722,1
DA:723,1
DA:727,3
DA:729,1
DA:731,2
DA:733,2
DA:736,1
DA:740,2
DA:742,1
DA:743,1
DA:744,3
DA:752,1
DA:754,2
DA:756,1
DA:760,1
DA:761,1
DA:762,1
DA:765,1
DA:766,1
DA:767,1
DA:768,1
DA:774,3
DA:778,3
DA:780,1
DA:782,2
DA:784,1
DA:785,1
DA:786,1
DA:788,2
DA:791,1
DA:795,2
DA:797,1
DA:798,2
DA:799,2
DA:806,1
DA:808,2
DA:810,1
DA:814,1
DA:815,1
DA:816,1
DA:819,1
DA:820,1
DA:821,1
DA:827,3
DA:831,3
DA:832,1
DA:834,2
DA:836,3
DA:837,1
DA:841,2
DA:843,1
DA:844,3
DA:845,1
DA:852,1
DA:854,2
DA:856,1
DA:859,0
DA:860,1
DA:862,0
DA:863,0
DA:866,0
DA:867,0
DA:869,0
DA:870,0
DA:871,0
DA:874,0
DA:875,0
DA:876,0
DA:880,0
DA:882,0
DA:884,0
DA:886,0
DA:887,0
DA:891,0
DA:893,0
DA:894,0
DA:895,0
DA:902,1
DA:904,2
DA:906,2
DA:908,2
DA:910,1
DA:911,1
DA:912,1
DA:915,2
DA:916,1
DA:917,2
DA:921,3
DA:923,1
DA:925,2
DA:926,1
DA:930,2
DA:932,1
DA:933,1
DA:934,3
DA:941,0
DA:943,0
DA:946,0
DA:948,0
DA:954,0
DA:955,0
DA:958,0
DA:960,0
DA:962,0
DA:965,0
DA:968,0
DA:970,0
DA:972,0
DA:973,0
DA:977,0
DA:979,0
DA:980,0
DA:981,0
DA:988,1
DA:990,2
DA:992,1
DA:995,1
DA:998,2
DA:1001,2
DA:1003,1
DA:1005,1
DA:1006,1
DA:1007,1
DA:1010,2
DA:1011,1
DA:1012,2
DA:1016,3
DA:1018,1
DA:1020,2
DA:1022,2
DA:1024,1
DA:1025,1
DA:1026,2
DA:1027,0
DA:1031,1
DA:1033,1
DA:1034,1
DA:1038,2
DA:1040,1
DA:1041,1
DA:1042,3
DA:1049,1
DA:1051,2
DA:1053,2
DA:1055,2
DA:1057,1
DA:1058,1
DA:1059,1
DA:1062,2
DA:1063,1
DA:1064,2
DA:1068,3
DA:1070,1
DA:1072,2
DA:1074,1
DA:1076,3
DA:1078,0
DA:1080,1
DA:1084,2
DA:1086,1
DA:1087,3
DA:1088,1
DA:1095,1
DA:1098,2
DA:1100,1
DA:1103,1
DA:1106,2
DA:1109,2
DA:1111,1
DA:1113,1
DA:1114,1
DA:1115,1
DA:1118,2
DA:1119,1
DA:1120,2
DA:1124,3
DA:1126,1
DA:1128,2
DA:1130,2
DA:1131,1
DA:1135,2
DA:1137,1
DA:1138,3
DA:1139,1
DA:1147,1
DA:1150,2
DA:1153,2
DA:1155,2
DA:1157,1
DA:1158,1
DA:1159,1
DA:1162,2
DA:1163,1
DA:1164,2
DA:1168,3
DA:1170,1
DA:1172,2
DA:1173,1
DA:1177,2
DA:1179,1
DA:1180,3
DA:1181,1
DA:1189,1
DA:1193,2
DA:1195,1
DA:1198,1
DA:1201,2
DA:1204,2
DA:1206,2
DA:1207,2
DA:1210,1
DA:1212,1
DA:1213,1
DA:1214,1
DA:1217,2
DA:1218,1
DA:1219,2
DA:1223,3
DA:1225,1
DA:1227,2
DA:1229,2
DA:1230,1
DA:1234,2
DA:1236,1
DA:1237,3
DA:1238,1
DA:1248,1
DA:1250,2
DA:1252,2
DA:1254,2
DA:1256,1
DA:1257,1
DA:1258,1
DA:1261,2
DA:1262,1
DA:1263,2
DA:1267,3
DA:1269,1
DA:1271,2
DA:1272,1
DA:1276,2
DA:1278,1
DA:1279,2
DA:1280,2
DA:1287,0
DA:1288,0
DA:1290,0
DA:1293,0
DA:1294,0
DA:1295,0
DA:1296,0
DA:1297,0
DA:1298,0
DA:1299,0
DA:1304,0
DA:1305,0
DA:1306,0
DA:1310,0
DA:1311,0
DA:1312,0
DA:1313,0
DA:1314,0
DA:1318,0
DA:1321,0
DA:1323,0
DA:1329,0
DA:1331,0
DA:1333,0
DA:1336,0
DA:1337,0
DA:1338,0
DA:1339,0
DA:1344,0
DA:1345,0
DA:1346,0
DA:1350,0
DA:1351,0
DA:1355,0
DA:1357,0
DA:1360,0
DA:1362,0
DA:1368,1
DA:1370,1
DA:1372,1
DA:1373,2
DA:1374,2
DA:1375,3
DA:1378,0
DA:1380,1
DA:1381,1
DA:1383,1
DA:1386,0
DA:1388,1
DA:1389,1
DA:1390,2
DA:1391,1
DA:1392,1
DA:1393,1
DA:1395,0
DA:1404,0
DA:1406,1
DA:1408,0
DA:1410,0
DA:1417,1
DA:1418,3
DA:1419,2
DA:1425,1
DA:1426,1
DA:1427,4
DA:1433,1
DA:1434,1
DA:1435,4
DA:1441,1
DA:1442,1
DA:1443,4
LF:610
LH:521
end_of_record
SF:lib/services/database_service.dart
DA:11,0
DA:15,0
DA:17,0
DA:18,0
DA:19,0
DA:23,0
DA:24,0
DA:25,0
DA:29,0
DA:30,0
DA:31,0
DA:43,0
DA:44,0
DA:47,0
DA:48,0
DA:49,0
DA:50,0
DA:52,0
DA:56,0
DA:57,0
DA:59,0
DA:63,0
DA:64,0
DA:66,0
DA:69,0
DA:70,0
DA:72,0
DA:75,0
DA:76,0
DA:78,0
LF:30
LH:0
end_of_record
SF:lib/services/package_info_service.dart
DA:7,0
DA:8,0
DA:11,0
DA:12,0
DA:13,0
DA:16,0
LF:6
LH:0
end_of_record
SF:lib/services/file_service.dart
DA:7,0
DA:8,0
DA:9,0
DA:10,0
DA:14,0
DA:15,0
DA:16,0
DA:17,0
DA:18,0
DA:20,0
DA:24,0
DA:25,0
DA:26,0
LF:13
LH:0
end_of_record
SF:lib/services/outcome_measure_selection_service.dart
DA:13,0
DA:14,0
DA:15,0
DA:17,0
DA:18,0
DA:20,0
DA:23,0
DA:24,0
DA:26,0
DA:28,0
DA:29,0
DA:35,0
DA:36,0
DA:38,0
DA:40,0
DA:41,0
DA:42,0
DA:44,0
DA:50,0
DA:51,0
DA:52,0
DA:55,0
DA:56,0
DA:57,0
DA:59,0
DA:62,0
DA:63,0
DA:65,0
DA:69,0
DA:70,0
DA:72,0
DA:75,0
DA:77,0
DA:79,0
DA:82,0
DA:84,0
DA:86,0
LF:37
LH:0
end_of_record
SF:lib/services/pdf_service.dart
DA:26,0
DA:29,0
DA:32,0
DA:33,0
DA:34,0
DA:35,0
DA:36,0
DA:39,0
DA:41,0
DA:42,0
DA:43,0
DA:46,0
DA:47,0
DA:51,0
DA:52,0
DA:53,0
DA:54,0
DA:55,0
DA:56,0
DA:60,0
DA:63,0
DA:66,0
DA:68,0
DA:70,0
DA:72,0
DA:74,0
DA:76,0
DA:77,0
DA:80,0
DA:83,0
DA:84,0
DA:85,0
DA:87,0
DA:88,0
DA:89,0
DA:90,0
DA:91,0
DA:92,0
DA:95,0
DA:98,0
DA:100,0
DA:101,0
DA:103,0
DA:104,0
DA:105,0
DA:106,0
DA:107,0
DA:112,0
DA:113,0
DA:114,0
DA:115,0
DA:117,0
DA:120,0
DA:121,0
DA:123,0
DA:125,0
DA:126,0
DA:128,0
DA:129,0
DA:130,0
DA:131,0
DA:134,0
DA:137,0
DA:139,0
DA:140,0
DA:142,0
DA:144,0
DA:146,0
DA:148,0
DA:150,0
DA:151,0
DA:153,0
DA:154,0
DA:158,0
DA:161,0
DA:162,0
DA:163,0
DA:165,0
DA:166,0
DA:168,0
DA:169,0
DA:170,0
DA:171,0
DA:174,0
DA:177,0
DA:179,0
DA:180,0
DA:181,0
DA:184,0
DA:185,0
DA:187,0
DA:188,0
DA:191,0
DA:192,0
DA:193,0
DA:196,0
DA:198,0
DA:199,0
DA:201,0
DA:203,0
DA:204,0
DA:205,0
DA:206,0
DA:211,0
DA:214,0
DA:217,0
DA:218,0
DA:219,0
DA:220,0
DA:221,0
DA:222,0
DA:223,0
DA:224,0
DA:234,0
DA:235,0
DA:236,0
DA:237,0
DA:238,0
DA:239,0
DA:240,0
DA:241,0
DA:242,0
DA:243,0
DA:244,0
DA:245,0
DA:247,0
DA:248,0
DA:249,0
DA:250,0
DA:274,0
DA:275,0
DA:276,0
DA:277,0
DA:280,0
DA:287,0
DA:288,0
DA:289,0
DA:290,0
DA:291,0
DA:292,0
DA:293,0
DA:294,0
DA:295,0
DA:296,0
DA:297,0
DA:298,0
DA:299,0
DA:300,0
DA:301,0
DA:303,0
DA:305,0
DA:307,0
DA:308,0
DA:309,0
DA:311,0
DA:312,0
DA:313,0
DA:315,0
DA:316,0
DA:330,0
DA:337,0
DA:338,0
DA:339,0
DA:340,0
DA:341,0
DA:342,0
DA:343,0
DA:344,0
DA:345,0
DA:346,0
DA:347,0
DA:348,0
DA:350,0
DA:352,0
DA:354,0
DA:355,0
DA:358,0
DA:359,0
DA:360,0
DA:361,0
DA:364,0
DA:369,0
DA:371,0
DA:372,0
LF:184
LH:0
end_of_record
SF:lib/services/file_saver_service.dart
DA:7,0
DA:8,0
DA:9,0
DA:10,0
DA:11,0
DA:12,0
DA:13,0
DA:15,0
DA:16,0
LF:9
LH:0
end_of_record
SF:lib/services/logger_service.dart
DA:12,0
DA:14,0
DA:15,0
DA:16,0
DA:18,0
DA:19,0
DA:20,0
DA:21,0
DA:27,0
DA:34,0
DA:35,0
DA:42,0
DA:43,0
DA:44,0
DA:46,0
DA:56,0
DA:62,0
DA:64,0
DA:65,0
DA:66,0
DA:70,0
DA:72,0
DA:77,0
DA:79,0
DA:80,0
DA:87,0
DA:93,0
DA:95,0
DA:96,0
DA:97,0
DA:98,0
DA:102,0
DA:103,0
DA:104,0
DA:105,0
DA:106,0
DA:109,0
DA:110,0
DA:111,0
DA:114,0
DA:115,0
DA:116,0
DA:117,0
DA:118,0
DA:119,0
DA:120,0
LF:46
LH:0
end_of_record
SF:lib/services/analytics_service.dart
DA:7,0
DA:8,0
DA:10,0
DA:12,0
DA:13,0
DA:16,0
DA:17,0
DA:20,0
DA:21,0
LF:9
LH:0
end_of_record
SF:lib/constants/amputation_info.dart
DA:11,0
DA:12,0
DA:15,1
DA:17,1
DA:19,1
DA:21,1
DA:40,0
DA:41,0
DA:44,0
DA:46,0
DA:48,0
DA:50,0
DA:52,0
DA:54,0
DA:56,0
DA:73,0
DA:74,0
DA:77,0
DA:79,0
DA:81,0
DA:83,0
DA:108,0
DA:109,0
DA:112,0
DA:114,0
DA:116,0
DA:118,0
DA:120,0
DA:122,0
DA:124,0
DA:126,0
DA:128,0
DA:130,0
DA:132,0
DA:134,0
DA:136,0
DA:138,0
LF:37
LH:4
end_of_record
SF:lib/constants/compass_lead_enum.dart
DA:13,0
DA:15,0
DA:17,0
DA:19,0
DA:21,0
DA:23,0
DA:25,0
DA:27,0
DA:29,0
DA:31,0
DA:33,0
DA:44,0
DA:46,0
DA:48,0
DA:50,0
DA:63,0
DA:65,0
DA:67,0
DA:69,0
DA:71,0
DA:73,0
DA:88,0
DA:89,0
DA:92,1
DA:94,1
DA:96,1
DA:98,1
DA:116,0
DA:118,0
DA:120,0
DA:122,0
DA:124,0
DA:126,0
DA:128,0
DA:130,0
DA:132,0
DA:134,0
DA:136,0
DA:150,0
DA:152,0
DA:154,0
DA:156,0
DA:158,0
DA:160,0
DA:162,0
DA:178,0
DA:179,0
DA:182,0
DA:184,0
DA:186,0
DA:188,0
DA:190,0
DA:207,0
DA:208,0
DA:211,1
DA:213,1
DA:215,1
DA:217,1
DA:219,1
DA:221,1
DA:241,0
DA:242,0
DA:245,1
DA:247,1
DA:249,1
DA:251,1
DA:253,1
DA:255,1
DA:257,1
DA:259,1
DA:261,1
DA:278,0
DA:280,0
DA:282,0
DA:284,0
DA:286,0
DA:288,0
DA:290,0
DA:292,0
DA:294,0
DA:296,0
DA:313,0
DA:314,0
DA:317,1
DA:319,1
DA:321,1
DA:323,1
DA:325,1
DA:327,1
DA:344,0
DA:345,0
DA:348,1
DA:350,1
DA:352,1
DA:354,1
DA:356,1
DA:358,1
DA:375,0
DA:376,0
DA:379,1
DA:381,1
DA:383,1
DA:385,1
DA:387,1
DA:389,1
DA:405,0
DA:406,0
DA:409,1
DA:411,1
DA:413,1
DA:415,1
DA:417,1
DA:433,0
DA:434,0
DA:437,1
DA:439,1
DA:441,1
DA:443,1
DA:445,1
DA:459,0
DA:460,0
DA:463,1
DA:465,1
DA:467,1
DA:487,0
DA:488,0
DA:491,0
DA:492,0
DA:493,0
DA:494,0
DA:497,0
DA:498,0
DA:499,0
DA:500,0
DA:501,0
DA:502,0
DA:505,1
DA:507,1
DA:509,1
DA:511,1
DA:513,1
DA:515,1
DA:517,1
DA:519,1
DA:521,1
DA:536,0
DA:537,0
DA:540,1
DA:542,1
DA:544,1
DA:546,1
DA:561,0
DA:562,0
DA:565,1
DA:567,1
DA:569,1
DA:571,1
DA:589,0
DA:590,0
DA:593,1
DA:595,1
DA:597,1
DA:599,1
DA:601,1
DA:603,1
DA:605,1
DA:619,0
DA:620,0
DA:623,1
DA:625,1
DA:627,1
DA:645,0
DA:646,0
DA:649,1
DA:651,1
DA:653,1
DA:655,1
DA:657,1
DA:659,1
DA:661,1
DA:674,0
DA:676,0
DA:678,0
DA:680,0
DA:682,0
DA:684,0
DA:701,0
DA:702,0
DA:705,1
DA:707,1
DA:709,1
DA:711,1
DA:713,1
DA:715,1
DA:733,0
DA:734,0
DA:737,1
DA:739,1
DA:741,1
DA:743,1
DA:745,1
DA:747,1
DA:749,1
DA:759,0
DA:761,0
DA:763,0
LF:206
LH:97
end_of_record
SF:lib/constants/enum.dart
DA:9,0
DA:11,0
DA:13,0
DA:18,7
DA:20,7
DA:21,0
DA:22,7
DA:40,0
DA:41,0
DA:44,0
DA:46,0
DA:48,0
DA:50,0
DA:52,0
DA:70,7
DA:71,28
DA:74,0
DA:75,0
DA:78,0
DA:81,0
DA:83,0
DA:85,0
DA:87,0
DA:89,0
DA:91,0
DA:93,0
DA:100,0
DA:102,0
DA:104,0
DA:106,0
DA:108,0
DA:110,0
DA:112,0
DA:117,0
DA:119,0
DA:121,0
DA:123,0
DA:125,0
DA:127,0
DA:129,0
DA:134,0
DA:136,0
DA:138,0
DA:140,0
DA:142,0
DA:144,0
DA:146,0
DA:163,0
DA:165,0
DA:167,0
DA:169,0
DA:171,0
DA:173,0
DA:179,0
DA:180,0
DA:183,0
DA:206,0
DA:207,0
DA:212,0
DA:213,0
DA:217,0
DA:218,0
DA:223,0
DA:224,0
LF:64
LH:5
end_of_record
SF:lib/constants/sex_at_birth.dart
DA:11,0
DA:12,0
DA:15,0
DA:17,0
DA:19,0
DA:21,0
DA:28,0
DA:30,0
DA:32,0
DA:34,0
LF:10
LH:0
end_of_record
SF:lib/model/domain.dart
DA:17,0
DA:19,0
DA:21,0
DA:22,0
DA:23,0
DA:24,0
DA:25,0
DA:26,0
DA:27,0
DA:28,0
DA:29,0
DA:30,0
DA:31,0
DA:32,0
DA:38,0
DA:39,0
DA:41,0
DA:42,0
DA:46,0
DA:47,0
DA:49,0
DA:51,0
DA:52,0
DA:54,0
DA:59,0
DA:60,0
DA:62,0
DA:64,0
DA:65,0
DA:67,0
DA:68,0
DA:74,0
DA:75,0
DA:77,0
DA:79,0
DA:80,0
DA:82,0
DA:83,0
DA:89,0
DA:90,0
DA:92,0
DA:94,0
DA:95,0
DA:97,0
DA:98,0
DA:104,0
DA:105,0
DA:107,0
DA:109,0
DA:110,0
DA:112,0
DA:113,0
DA:119,0
DA:120,0
DA:122,0
DA:124,0
DA:125,0
DA:127,0
DA:128,0
LF:59
LH:0
end_of_record
SF:lib/model/encounter_collection.dart
DA:15,0
DA:17,0
DA:18,0
DA:19,0
DA:20,0
DA:23,0
DA:24,0
DA:26,0
DA:27,0
DA:29,0
DA:30,0
DA:32,0
DA:33,0
DA:38,0
DA:39,0
DA:40,0
DA:41,0
DA:44,0
DA:45,0
DA:46,0
DA:47,0
DA:48,0
DA:52,0
DA:56,0
DA:57,0
DA:58,0
DA:59,0
DA:60,0
DA:64,0
DA:69,0
DA:70,0
DA:71,0
DA:73,0
DA:74,0
DA:75,0
DA:76,0
DA:84,0
DA:85,0
DA:86,0
DA:88,0
DA:93,0
DA:94,0
DA:97,0
DA:98,0
LF:44
LH:0
end_of_record
SF:lib/model/outcome_measure_collection.dart
DA:15,0
DA:16,0
DA:17,0
DA:19,0
DA:21,0
DA:22,0
DA:26,0
DA:28,0
DA:29,0
DA:36,0
DA:37,0
DA:38,0
DA:39,0
DA:41,0
DA:42,0
DA:44,0
DA:45,0
DA:47,0
DA:48,0
DA:49,0
DA:50,0
DA:52,0
DA:53,0
DA:54,0
DA:58,0
DA:63,0
DA:66,0
DA:67,0
DA:70,0
DA:71,0
DA:74,0
DA:77,0
DA:80,0
DA:83,0
DA:84,0
LF:35
LH:0
end_of_record
SF:lib/model/outcome_measure_info.dart
DA:26,0
DA:40,0
DA:41,0
DA:42,0
DA:43,0
DA:44,0
DA:45,0
DA:46,0
DA:47,0
DA:48,0
DA:49,0
DA:59,0
DA:60,0
DA:61,0
DA:62,0
DA:64,0
DA:65,0
DA:66,0
DA:67,0
DA:70,0
DA:72,0
DA:73,0
DA:74,0
DA:75,0
DA:76,0
DA:77,0
DA:78,0
DA:79,0
DA:81,0
DA:82,0
DA:84,0
DA:85,0
DA:87,0
LF:33
LH:0
end_of_record
SF:lib/model/question_collection.dart
DA:14,0
DA:16,0
DA:17,0
DA:18,0
DA:20,0
DA:25,6
DA:27,7
DA:29,7
DA:30,7
DA:31,21
DA:32,7
DA:33,14
DA:36,7
DA:37,2
DA:38,7
DA:39,0
DA:40,7
DA:41,3
DA:42,5
DA:43,1
DA:44,5
DA:45,1
DA:46,4
DA:47,1
DA:48,4
DA:49,0
DA:50,4
DA:51,1
DA:52,3
DA:53,3
DA:54,2
DA:55,1
DA:56,1
DA:57,1
DA:59,0
DA:61,7
DA:63,7
DA:66,0
DA:67,0
DA:70,1
DA:72,6
DA:74,0
DA:75,0
DA:76,0
DA:82,4
DA:83,24
DA:86,3
DA:88,21
DA:91,0
DA:96,2
DA:97,2
DA:98,10
DA:101,0
DA:102,0
DA:105,1
DA:106,6
DA:109,0
DA:110,0
DA:111,0
DA:112,0
DA:113,0
DA:114,0
DA:117,0
DA:118,0
DA:121,0
DA:122,0
DA:123,0
DA:126,0
DA:127,0
DA:129,0
DA:131,0
LF:71
LH:40
end_of_record
SF:lib/services/tts_service.dart
DA:18,0
DA:20,0
DA:22,0
DA:24,0
DA:25,0
DA:27,0
DA:29,0
DA:31,0
DA:32,0
DA:33,0
DA:34,0
DA:37,0
DA:38,0
DA:39,0
DA:40,0
DA:43,0
DA:44,0
DA:45,0
DA:46,0
DA:49,0
DA:51,0
DA:52,0
DA:56,0
DA:57,0
DA:60,0
DA:61,0
DA:62,0
DA:63,0
DA:66,0
DA:67,0
DA:68,0
DA:70,0
DA:72,0
DA:75,0
DA:76,0
DA:77,0
DA:78,0
DA:82,0
DA:83,0
DA:84,0
DA:85,0
DA:86,0
DA:87,0
DA:88,0
DA:89,0
DA:95,0
DA:96,0
DA:97,0
DA:103,0
DA:104,0
DA:105,0
DA:106,0
DA:112,0
DA:113,0
DA:114,0
DA:120,0
DA:121,0
DA:122,0
DA:128,0
DA:129,0
DA:130,0
DA:136,0
DA:137,0
DA:138,0
DA:144,0
DA:145,0
DA:146,0
DA:151,0
DA:152,0
DA:153,0
DA:154,0
LF:71
LH:0
end_of_record
SF:lib/app/app.logger.dart
DA:22,0
DA:30,0
DA:32,0
DA:33,0
DA:34,0
DA:37,0
DA:38,0
DA:40,0
DA:42,0
DA:43,0
DA:44,0
DA:46,0
DA:47,0
DA:49,0
DA:50,0
DA:52,0
DA:54,0
DA:62,0
DA:64,0
DA:65,0
DA:67,0
DA:68,0
DA:69,0
DA:70,0
DA:73,0
DA:75,0
DA:84,0
DA:86,0
DA:87,0
DA:88,0
DA:92,0
DA:94,0
DA:95,0
DA:96,0
DA:97,0
DA:98,0
DA:99,0
DA:104,0
DA:105,0
DA:106,0
DA:110,0
DA:112,0
DA:113,0
DA:115,0
DA:117,0
DA:118,0
DA:120,0
DA:123,0
DA:124,0
DA:125,0
DA:129,0
DA:133,0
DA:140,0
DA:147,0
DA:148,0
DA:155,0
DA:156,0
LF:57
LH:0
end_of_record
SF:lib/extensions/string_extension.dart
DA:2,0
DA:3,0
LF:2
LH:0
end_of_record
SF:lib/constants/images.dart
DA:6,0
DA:7,0
DA:8,0
DA:9,0
DA:10,0
DA:11,0
DA:12,0
DA:13,0
DA:14,0
DA:15,0
DA:17,0
DA:19,0
DA:25,0
DA:29,0
DA:33,0
LF:15
LH:0
end_of_record
SF:lib/model/outcome_measures/eq_5d_5l.dart
DA:10,0
DA:13,0
DA:15,0
DA:16,0
DA:18,0
DA:20,0
DA:25,1
DA:27,0
DA:28,0
DA:29,0
DA:33,0
DA:34,0
DA:37,0
DA:39,0
DA:40,0
DA:41,0
DA:42,0
DA:43,0
DA:44,0
DA:45,0
DA:46,0
DA:49,0
DA:51,0
DA:52,0
DA:54,0
DA:55,0
DA:56,0
DA:57,0
DA:58,0
DA:59,0
DA:60,0
DA:65,1
DA:67,1
DA:68,3
DA:69,1
DA:70,2
DA:73,2
DA:77,1
DA:79,4
DA:80,4
DA:81,2
DA:82,4
DA:84,1
LF:43
LH:13
end_of_record
SF:lib/model/outcome_measures/patient_specific_functional_scale.dart
DA:11,0
DA:14,1
DA:18,3
DA:19,4
DA:22,3
DA:23,1
DA:24,2
DA:29,1
DA:30,2
DA:32,2
DA:35,2
DA:37,1
DA:40,1
DA:42,0
DA:43,0
DA:44,0
DA:48,0
DA:49,0
DA:52,0
DA:54,0
DA:55,0
DA:56,0
DA:57,0
DA:58,0
DA:59,0
DA:60,0
DA:61,0
DA:62,0
DA:65,0
DA:67,0
DA:68,0
DA:70,0
DA:71,0
DA:72,0
DA:73,0
DA:74,0
DA:75,0
DA:76,0
LF:38
LH:12
end_of_record
SF:lib/model/outcome_measures/prosthesis_evaluation_questionnaire.dart
DA:13,0
DA:16,1
DA:19,3
DA:20,4
DA:21,4
DA:22,2
DA:24,4
DA:26,3
DA:28,1
DA:31,1
DA:33,0
DA:35,0
DA:36,0
DA:37,0
DA:38,0
DA:39,0
DA:40,0
DA:41,0
DA:42,0
DA:45,0
DA:48,0
DA:49,0
DA:51,0
DA:52,0
DA:53,0
DA:54,0
DA:55,0
DA:56,0
DA:57,0
DA:65,0
DA:68,1
DA:70,1
DA:73,3
DA:74,4
DA:76,3
DA:77,2
DA:78,2
DA:82,3
DA:85,4
DA:87,2
DA:89,1
DA:92,0
DA:94,0
DA:95,0
DA:96,0
DA:97,0
DA:98,0
DA:99,0
DA:100,0
DA:101,0
DA:104,0
DA:107,0
DA:108,0
DA:110,0
DA:111,0
DA:112,0
DA:113,0
DA:114,0
DA:115,0
DA:116,0
LF:60
LH:20
end_of_record
SF:lib/model/outcome_measures/tapes_r.dart
DA:10,0
DA:13,1
DA:15,1
DA:16,1
DA:17,1
DA:18,1
DA:22,4
DA:23,6
DA:27,4
DA:28,6
DA:32,1
DA:33,1
DA:34,5
DA:35,1
DA:36,1
DA:37,1
DA:38,1
DA:39,5
DA:40,1
DA:41,1
DA:42,2
DA:44,2
DA:45,1
DA:50,4
DA:51,6
DA:53,1
DA:54,1
DA:55,5
DA:56,1
DA:57,1
DA:58,1
DA:59,1
DA:64,4
DA:65,4
DA:67,1
DA:68,1
DA:69,3
DA:70,1
DA:71,1
DA:72,1
DA:73,1
DA:77,4
DA:78,1
DA:79,2
DA:80,2
DA:81,1
DA:83,5
DA:84,2
DA:85,2
DA:86,1
DA:87,2
DA:88,2
DA:89,1
DA:93,1
DA:95,0
DA:96,0
DA:97,0
DA:101,0
DA:102,0
DA:105,0
DA:107,0
DA:108,0
DA:109,0
DA:110,0
DA:111,0
DA:112,0
DA:113,0
DA:114,0
DA:117,0
DA:119,0
DA:120,0
DA:122,0
DA:123,0
DA:124,0
DA:125,0
DA:126,0
DA:127,0
DA:128,0
DA:133,1
DA:135,1
DA:136,3
DA:137,1
DA:138,2
DA:141,2
LF:84
LH:59
end_of_record
SF:lib/model/outcome_measures/timed_up_and_go.dart
DA:13,1
DA:14,1
DA:15,0
DA:18,3
DA:20,3
DA:22,1
DA:29,1
DA:31,3
DA:32,3
DA:34,3
DA:39,1
DA:41,0
DA:42,0
DA:43,0
DA:47,0
DA:48,0
DA:51,0
DA:53,0
DA:54,0
DA:55,0
DA:56,0
DA:57,0
DA:58,0
DA:59,0
DA:60,0
DA:61,0
DA:64,0
DA:66,0
DA:67,0
DA:69,0
DA:70,0
DA:71,0
DA:72,0
DA:73,0
DA:74,0
DA:75,0
DA:80,1
DA:82,1
DA:83,2
DA:84,2
DA:85,1
DA:86,2
DA:88,2
DA:89,3
DA:90,1
LF:45
LH:19
end_of_record
SF:lib/model/outcome_measures/two_minute_walk_test.dart
DA:14,0
DA:17,1
DA:19,3
DA:21,1
DA:22,1
DA:25,1
DA:26,2
DA:31,1
DA:33,0
DA:35,0
DA:36,0
DA:37,0
DA:38,0
DA:39,0
DA:40,0
DA:41,0
DA:42,0
DA:45,0
DA:48,0
DA:49,0
DA:51,0
DA:52,0
DA:53,0
DA:54,0
DA:55,0
DA:56,0
DA:57,0
DA:62,1
DA:64,1
DA:65,2
DA:66,2
DA:67,1
DA:68,2
DA:70,2
DA:72,3
DA:73,1
DA:77,0
DA:79,0
DA:82,0
DA:84,0
LF:40
LH:16
end_of_record
SF:lib/model/question.dart
DA:16,7
DA:24,6
DA:26,0
DA:28,0
DA:30,0
DA:31,0
DA:32,0
DA:33,0
DA:34,0
DA:35,0
DA:36,0
DA:37,0
DA:41,0
DA:42,0
DA:43,0
DA:44,0
DA:45,0
DA:49,0
DA:51,2
DA:52,10
DA:54,0
DA:56,0
DA:61,0
DA:62,0
DA:64,0
DA:65,0
DA:66,0
DA:67,0
DA:73,1
DA:74,1
DA:76,0
DA:80,1
DA:81,1
DA:82,3
DA:85,1
DA:87,1
DA:90,1
DA:91,2
DA:92,4
DA:93,7
DA:98,0
DA:100,0
DA:101,0
DA:102,0
DA:103,0
DA:104,0
DA:105,0
DA:106,0
DA:107,0
DA:113,3
DA:115,3
DA:122,3
DA:123,9
DA:124,6
DA:127,0
DA:129,0
DA:130,0
DA:131,0
DA:132,0
DA:133,0
DA:134,0
DA:135,0
DA:143,2
DA:145,2
DA:152,2
DA:155,2
DA:156,2
DA:157,2
DA:158,2
DA:159,2
DA:160,2
DA:161,2
DA:162,2
DA:165,2
DA:167,4
DA:168,10
DA:171,2
DA:173,10
DA:175,0
DA:177,0
DA:178,0
DA:179,0
DA:180,0
DA:181,0
DA:185,0
DA:187,0
DA:188,0
DA:189,0
DA:190,0
DA:191,0
DA:192,0
DA:193,0
DA:194,0
DA:204,0
DA:205,0
DA:207,0
DA:216,0
DA:224,0
DA:226,0
DA:229,0
DA:230,0
DA:231,0
DA:232,0
DA:233,0
DA:234,0
DA:235,0
DA:236,0
DA:237,0
DA:238,0
DA:241,0
DA:243,0
DA:244,0
DA:245,0
DA:248,0
DA:250,0
DA:251,0
DA:252,0
DA:254,0
DA:257,0
DA:259,0
DA:260,0
DA:261,0
DA:262,0
DA:263,0
DA:267,0
DA:269,0
DA:270,0
DA:271,0
DA:272,0
DA:273,0
DA:274,0
DA:275,0
DA:276,0
DA:277,0
DA:278,0
DA:284,0
DA:286,0
DA:287,0
DA:293,3
DA:295,3
DA:303,3
DA:304,3
DA:305,3
DA:306,3
DA:307,3
DA:308,3
DA:309,3
DA:310,3
DA:311,3
DA:314,3
DA:316,18
DA:319,0
DA:321,0
DA:322,0
DA:323,0
DA:324,0
DA:325,0
DA:326,0
DA:327,0
DA:328,0
DA:329,0
DA:335,0
DA:337,1
DA:338,1
DA:345,1
DA:347,1
DA:353,1
DA:356,1
DA:357,1
DA:358,1
DA:359,1
DA:360,1
DA:361,1
DA:362,1
DA:363,1
DA:364,1
DA:365,1
DA:368,1
DA:370,6
DA:373,0
DA:375,0
DA:376,0
DA:377,0
DA:378,0
DA:379,0
DA:380,0
DA:381,0
DA:382,0
DA:383,0
DA:384,0
DA:390,0
DA:392,1
DA:393,1
DA:401,1
DA:411,1
DA:417,1
DA:419,1
DA:420,0
DA:423,1
DA:424,1
DA:425,1
DA:426,1
DA:427,1
DA:428,1
DA:429,1
DA:430,1
DA:431,1
DA:432,1
DA:433,1
DA:436,1
DA:438,3
DA:440,8
DA:443,0
DA:445,0
DA:446,0
DA:447,0
DA:448,0
DA:449,0
DA:450,0
DA:451,0
DA:452,0
DA:453,0
DA:454,0
DA:455,0
DA:462,0
DA:464,0
DA:465,0
DA:466,0
DA:475,0
DA:476,0
DA:478,1
DA:489,1
DA:496,0
DA:499,0
DA:501,1
DA:504,1
DA:505,1
DA:506,1
DA:507,1
DA:508,1
DA:509,1
DA:510,1
DA:511,1
DA:512,1
DA:513,1
DA:514,1
DA:515,1
DA:518,1
DA:520,2
DA:521,5
DA:524,1
DA:526,1
DA:527,1
DA:528,3
DA:530,5
DA:533,0
DA:535,0
DA:536,0
DA:537,0
DA:538,0
DA:539,0
DA:540,0
DA:541,0
DA:542,0
DA:543,0
DA:544,0
DA:545,0
DA:546,0
DA:550,0
DA:552,0
DA:553,0
DA:562,0
DA:563,0
DA:565,1
DA:573,1
DA:581,0
DA:583,1
DA:586,1
DA:587,1
DA:588,1
DA:589,1
DA:590,1
DA:591,1
DA:592,1
DA:593,1
DA:594,1
DA:597,1
DA:599,2
DA:600,5
DA:601,2
DA:604,1
DA:606,1
DA:607,1
DA:608,3
DA:610,4
DA:613,0
DA:615,0
DA:616,0
DA:617,0
DA:618,0
DA:619,0
DA:620,0
DA:621,0
DA:622,0
DA:623,0
DA:627,0
DA:629,0
DA:630,0
DA:637,0
DA:639,0
DA:640,0
DA:641,0
DA:647,1
DA:648,3
DA:650,1
DA:652,1
DA:659,1
DA:660,1
DA:661,1
DA:662,1
DA:663,1
DA:664,1
DA:665,1
DA:666,1
DA:667,1
DA:670,1
DA:672,1
DA:673,1
DA:674,4
DA:676,5
DA:679,0
DA:681,0
DA:682,0
LF:333
LH:148
end_of_record
SF:lib/app/app.router.dart
DA:270,0
DA:271,0
DA:273,0
DA:274,0
DA:278,2
DA:287,0
DA:289,0
DA:292,0
DA:295,0
DA:298,0
DA:300,0
DA:305,0
DA:314,0
DA:316,0
DA:319,0
DA:322,0
DA:325,0
DA:327,0
DA:332,0
DA:344,0
DA:346,0
DA:349,0
DA:352,0
DA:353,0
DA:354,0
DA:357,0
DA:359,0
DA:364,0
DA:379,0
DA:381,0
DA:384,0
DA:387,0
DA:388,0
DA:389,0
DA:390,0
DA:393,0
DA:395,0
DA:396,0
DA:397,0
DA:398,0
DA:403,0
DA:418,0
DA:420,0
DA:423,0
DA:426,0
DA:427,0
DA:428,0
DA:429,0
DA:432,0
DA:434,0
DA:435,0
DA:436,0
DA:437,0
DA:442,0
DA:457,0
DA:459,0
DA:462,0
DA:465,0
DA:466,0
DA:467,0
DA:468,0
DA:471,0
DA:473,0
DA:474,0
DA:475,0
DA:476,0
DA:481,0
DA:496,0
DA:498,0
DA:501,0
DA:504,0
DA:505,0
DA:506,0
DA:507,0
DA:510,0
DA:512,0
DA:513,0
DA:514,0
DA:515,0
DA:520,0
DA:535,0
DA:537,0
DA:540,0
DA:543,0
DA:544,0
DA:545,0
DA:546,0
DA:549,0
DA:551,0
DA:552,0
DA:553,0
DA:554,0
DA:559,0
DA:574,0
DA:576,0
DA:579,0
DA:582,0
DA:583,0
DA:584,0
DA:585,0
DA:588,0
DA:590,0
DA:591,0
DA:592,0
DA:593,0
DA:598,0
DA:607,0
DA:609,0
DA:612,0
DA:615,0
DA:618,0
DA:620,0
DA:647,0
DA:648,0
DA:650,0
DA:651,0
DA:677,0
DA:678,0
DA:680,0
DA:681,0
DA:726,0
DA:727,0
DA:729,0
DA:730,0
DA:734,2
DA:743,0
DA:745,0
DA:748,0
DA:751,0
DA:754,0
DA:756,0
DA:761,0
DA:770,0
DA:771,0
DA:778,0
DA:785,0
DA:792,0
DA:801,0
DA:802,0
DA:809,0
DA:819,0
DA:820,0
DA:828,0
DA:835,0
DA:842,0
DA:853,0
DA:854,0
DA:865,0
DA:876,0
DA:877,0
DA:888,0
DA:899,0
DA:900,0
DA:911,0
DA:922,0
DA:923,0
DA:931,0
DA:942,0
DA:943,0
DA:951,0
DA:958,0
DA:965,0
DA:976,0
DA:977,0
DA:988,0
DA:995,0
DA:1002,0
DA:1011,0
DA:1012,0
DA:1019,0
DA:1026,0
DA:1033,0
DA:1040,0
DA:1047,0
DA:1054,0
DA:1061,0
DA:1070,0
DA:1072,0
DA:1079,0
DA:1087,0
DA:1094,0
DA:1103,0
DA:1104,0
DA:1111,0
DA:1118,0
DA:1125,0
DA:1134,0
DA:1135,0
DA:1142,0
DA:1152,0
DA:1153,0
DA:1161,0
DA:1168,0
DA:1175,0
DA:1186,0
DA:1187,0
DA:1198,0
DA:1209,0
DA:1210,0
DA:1221,0
DA:1232,0
DA:1233,0
DA:1244,0
DA:1255,0
DA:1256,0
DA:1264,0
DA:1275,0
DA:1276,0
DA:1284,0
DA:1291,0
DA:1298,0
DA:1309,0
DA:1310,0
DA:1321,0
DA:1328,0
DA:1335,0
DA:1344,0
DA:1345,0
DA:1352,0
DA:1359,0
DA:1366,0
DA:1373,0
DA:1380,0
DA:1387,0
DA:1394,0
DA:1403,0
DA:1405,0
DA:1412,0
DA:1420,0
LF:229
LH:2
end_of_record
SF:lib/mixin/dialog_mixin.dart
DA:15,0
DA:16,0
DA:17,0
DA:20,0
DA:21,0
DA:23,0
DA:26,0
DA:27,0
DA:34,0
DA:35,0
DA:43,0
DA:44,0
DA:51,0
DA:52,0
DA:59,0
DA:60,0
DA:67,0
DA:68,0
DA:70,0
DA:75,0
DA:78,0
DA:79,0
DA:82,0
DA:85,0
DA:86,0
DA:88,0
DA:91,0
DA:93,0
DA:94,0
DA:96,0
DA:97,0
DA:99,0
DA:100,0
LF:33
LH:0
end_of_record
SF:lib/ui/views/patient/patient_viewmodel.dart
DA:23,0
DA:25,0
DA:26,0
DA:28,0
DA:34,2
DA:35,4
DA:38,0
DA:41,0
DA:42,0
DA:46,0
DA:48,0
DA:52,0
DA:53,0
DA:54,0
DA:55,0
DA:56,0
DA:58,0
DA:60,0
DA:63,0
DA:64,0
DA:66,0
DA:68,0
DA:69,0
DA:71,0
DA:75,0
DA:76,0
DA:79,0
DA:80,0
DA:81,0
DA:84,0
DA:85,0
DA:87,0
DA:92,0
DA:93,0
DA:94,0
DA:96,0
DA:97,0
DA:102,0
DA:103,0
DA:105,0
DA:108,0
DA:109,0
DA:110,0
DA:112,0
DA:114,0
DA:116,0
DA:118,0
DA:122,0
DA:123,0
DA:124,0
DA:127,0
DA:129,0
DA:131,0
DA:133,0
DA:135,0
DA:137,0
DA:141,0
DA:142,0
DA:143,0
DA:146,0
DA:148,0
DA:149,0
DA:151,0
DA:153,0
DA:157,0
DA:158,0
DA:159,0
DA:163,0
DA:164,0
DA:188,2
DA:189,4
LF:71
LH:4
end_of_record
SF:lib/app/app.dialogs.dart
DA:22,0
DA:23,0
DA:25,0
DA:26,0
DA:27,0
DA:28,0
DA:29,0
DA:30,0
DA:31,0
DA:32,0
DA:33,0
DA:36,0
LF:12
LH:0
end_of_record
SF:lib/ui/dialogs/cancel_lead_compass/cancel_lead_compass_dialog.dart
DA:16,0
DA:20,0
DA:22,0
DA:28,0
DA:29,0
DA:31,0
DA:33,0
DA:35,0
DA:36,0
DA:39,0
DA:40,0
DA:42,0
DA:43,0
DA:51,0
DA:52,0
DA:63,0
DA:65,0
DA:66,0
DA:67,0
DA:68,0
DA:70,0
DA:74,0
DA:76,0
DA:78,0
DA:79,0
DA:88,0
DA:89,0
DA:90,0
DA:94,0
DA:96,0
DA:98,0
DA:99,0
DA:116,0
DA:118,0
DA:121,0
DA:123,0
LF:36
LH:0
end_of_record
SF:lib/ui/dialogs/confirm_alert/confirm_alert_dialog.dart
DA:14,0
DA:20,0
DA:26,0
DA:27,0
DA:29,0
DA:31,0
DA:33,0
DA:34,0
DA:37,0
DA:38,0
DA:40,0
DA:41,0
DA:48,0
DA:50,0
DA:51,0
DA:63,0
DA:65,0
DA:66,0
DA:67,0
DA:68,0
DA:69,0
DA:71,0
DA:75,0
DA:77,0
DA:79,0
DA:80,0
DA:89,0
DA:90,0
DA:91,0
DA:95,0
DA:97,0
DA:99,0
DA:100,0
DA:117,0
DA:119,0
LF:35
LH:0
end_of_record
SF:lib/ui/dialogs/info_alert/info_alert_dialog.dart
DA:14,0
DA:20,0
DA:26,0
DA:27,0
DA:29,0
DA:31,0
DA:34,0
DA:35,0
DA:38,0
DA:39,0
DA:41,0
DA:42,0
DA:48,0
DA:49,0
DA:51,0
DA:52,0
DA:58,0
DA:62,0
DA:63,0
DA:66,0
DA:70,0
DA:72,0
DA:90,0
DA:92,0
LF:24
LH:0
end_of_record
SF:lib/ui/dialogs/loading_indicator/loading_indicator_dialog.dart
DA:11,0
DA:17,0
DA:23,0
DA:25,0
DA:26,0
DA:29,0
DA:30,0
DA:42,0
DA:44,0
LF:9
LH:0
end_of_record
SF:lib/ui/views/add_lead/add_lead_view.dart
DA:13,0
DA:16,0
DA:22,0
DA:24,0
DA:26,0
DA:28,0
DA:29,0
DA:30,0
DA:31,0
DA:36,0
DA:40,0
LF:11
LH:0
end_of_record
SF:lib/ui/views/add_lead_dialog/add_lead_dialog_view.dart
DA:13,0
DA:16,0
DA:22,0
DA:25,0
DA:28,0
DA:29,0
DA:30,0
DA:32,0
DA:33,0
DA:34,0
DA:41,0
DA:43,0
DA:44,0
DA:52,0
DA:55,0
DA:59,0
DA:63,0
LF:17
LH:0
end_of_record
SF:lib/ui/views/amputation/amputation_view.dart
DA:11,4
DA:13,0
DA:19,0
DA:20,0
DA:23,0
DA:24,0
DA:27,0
DA:28,0
DA:30,0
DA:32,0
DA:33,0
DA:35,0
DA:36,0
DA:39,0
DA:41,0
DA:43,0
DA:44,0
DA:46,0
DA:47,0
DA:52,0
DA:54,0
DA:59,0
DA:61,0
DA:66,0
DA:68,0
DA:73,0
DA:75,0
DA:81,0
DA:88,0
DA:92,0
LF:30
LH:1
end_of_record
SF:lib/ui/views/amputation_form/amputation_form_view.dart
DA:18,2
DA:20,0
DA:21,0
DA:22,0
DA:23,0
DA:24,0
DA:26,0
DA:27,0
DA:30,0
DA:31,0
DA:35,0
DA:36,0
DA:37,0
DA:38,0
DA:42,0
DA:48,0
DA:49,0
DA:52,0
DA:54,0
DA:56,0
DA:57,0
DA:58,0
DA:59,0
DA:60,0
DA:61,0
DA:62,0
DA:63,0
DA:64,0
DA:65,0
DA:66,0
DA:67,0
DA:68,0
DA:69,0
DA:70,0
DA:71,0
DA:77,0
DA:83,0
DA:87,0
LF:38
LH:1
end_of_record
SF:lib/ui/views/app_description/app_description_view.dart
DA:7,4
DA:9,0
DA:15,0
DA:16,0
DA:20,0
DA:29,0
DA:33,0
LF:7
LH:1
end_of_record
SF:lib/ui/views/bottom_nav_view.dart
DA:7,4
DA:9,0
DA:10,0
DA:17,0
DA:19,0
DA:20,0
DA:23,0
DA:25,0
DA:26,0
DA:29,0
DA:31,0
DA:32,0
DA:33,0
DA:36,0
DA:47,0
DA:48,0
DA:49,0
DA:50,0
DA:53,0
DA:55,0
LF:20
LH:1
end_of_record
SF:lib/ui/views/complete/complete_view.dart
DA:15,0
DA:17,0
DA:18,0
DA:21,0
DA:24,0
DA:27,0
DA:33,0
DA:34,0
DA:35,0
DA:36,0
DA:41,0
DA:43,0
DA:59,0
DA:60,0
DA:61,0
DA:62,0
DA:64,0
DA:67,0
DA:68,0
DA:70,0
DA:84,0
DA:86,0
DA:89,0
DA:90,0
DA:92,0
DA:93,0
DA:94,0
DA:96,0
DA:111,0
DA:114,0
DA:115,0
DA:117,0
DA:138,0
DA:142,0
LF:34
LH:0
end_of_record
SF:lib/ui/views/episode/episode_view.dart
DA:17,0
DA:20,0
DA:26,0
DA:27,0
DA:29,0
DA:30,0
DA:31,0
DA:32,0
DA:34,0
DA:35,0
DA:37,0
DA:39,0
DA:41,0
DA:43,0
DA:44,0
DA:45,0
DA:46,0
DA:47,0
DA:48,0
DA:49,0
DA:50,0
DA:51,0
DA:52,0
DA:53,0
DA:54,0
DA:60,0
DA:61,0
DA:62,0
DA:63,0
DA:67,0
DA:68,0
DA:69,0
DA:70,0
DA:74,0
DA:75,0
DA:76,0
DA:77,0
DA:78,0
DA:79,0
DA:80,0
DA:83,0
DA:84,0
DA:87,0
DA:88,0
DA:92,0
DA:93,0
DA:94,0
DA:97,0
DA:98,0
DA:102,0
DA:106,0
LF:51
LH:0
end_of_record
SF:lib/ui/views/evaluation/evaluation_view.dart
DA:18,0
DA:20,0
DA:21,0
DA:22,0
DA:23,0
DA:24,0
DA:25,0
DA:26,0
DA:27,0
DA:29,0
DA:30,0
DA:34,0
DA:35,0
DA:38,0
DA:39,0
DA:40,0
DA:41,0
DA:44,0
DA:48,0
DA:50,0
DA:53,0
DA:54,0
DA:55,0
DA:61,0
DA:64,0
DA:67,0
DA:73,0
DA:74,0
DA:75,0
DA:77,0
DA:78,0
DA:80,0
DA:82,0
DA:83,0
DA:85,0
DA:87,0
DA:91,0
DA:92,0
DA:93,0
DA:94,0
DA:96,0
DA:98,0
DA:99,0
DA:101,0
DA:102,0
DA:103,0
DA:105,0
DA:106,0
DA:108,0
DA:112,0
DA:113,0
DA:116,0
DA:117,0
DA:119,0
DA:121,0
DA:124,0
DA:126,0
DA:127,0
DA:128,0
DA:131,0
DA:133,0
DA:134,0
DA:135,0
DA:138,0
DA:144,0
DA:149,0
DA:153,0
DA:154,0
DA:155,0
DA:156,0
DA:158,0
DA:159,0
DA:160,0
DA:161,0
DA:162,0
DA:172,0
DA:176,0
DA:178,0
DA:180,0
LF:79
LH:0
end_of_record
SF:lib/ui/views/lead_form/lead_form_view.dart
DA:13,0
DA:16,0
DA:22,0
DA:24,0
DA:26,0
DA:27,0
DA:28,0
DA:30,0
DA:31,0
DA:32,0
DA:34,0
DA:35,0
DA:43,0
DA:44,0
DA:45,0
DA:47,0
DA:52,0
DA:57,0
DA:58,0
DA:60,0
DA:61,0
DA:63,0
DA:65,0
DA:66,0
DA:70,0
DA:72,0
DA:73,0
DA:74,0
DA:75,0
DA:78,0
DA:79,0
DA:80,0
DA:90,0
DA:91,0
DA:93,0
DA:94,0
DA:95,0
DA:98,0
DA:99,0
DA:100,0
DA:101,0
DA:102,0
DA:105,0
DA:106,0
DA:107,0
DA:112,0
DA:118,0
DA:122,0
LF:48
LH:0
end_of_record
SF:lib/ui/views/login/login_view.dart
DA:10,0
DA:16,0
DA:22,0
DA:23,0
DA:24,0
DA:30,0
DA:32,0
DA:33,0
DA:34,0
DA:35,0
DA:38,0
DA:39,0
DA:40,0
DA:43,0
DA:44,0
DA:45,0
DA:52,0
DA:53,0
DA:54,0
DA:55,0
DA:56,0
DA:58,0
DA:69,0
DA:70,0
DA:71,0
DA:73,0
DA:78,0
DA:80,0
DA:81,0
DA:82,0
DA:88,0
DA:89,0
DA:90,0
DA:91,0
DA:97,0
DA:105,0
DA:106,0
DA:107,0
DA:110,0
DA:113,0
DA:114,0
DA:119,0
DA:120,0
DA:122,0
DA:123,0
DA:124,0
DA:133,0
DA:134,0
DA:135,0
DA:137,0
DA:139,0
DA:148,0
DA:152,0
LF:53
LH:0
end_of_record
SF:lib/ui/views/outcome_measure_info/outcome_measure_info_view.dart
DA:10,2
DA:12,0
DA:18,0
DA:19,0
DA:20,0
DA:21,0
DA:22,0
DA:23,0
DA:25,0
DA:27,0
DA:31,0
DA:36,0
DA:37,0
LF:13
LH:1
end_of_record
SF:lib/ui/views/patient/patient_view.dart
DA:13,3
DA:20,0
DA:22,0
DA:23,0
DA:24,0
DA:40,0
DA:41,0
DA:43,0
DA:46,0
DA:47,0
DA:49,0
DA:52,0
DA:53,0
DA:54,0
DA:55,0
DA:56,0
DA:58,0
DA:59,0
DA:61,0
DA:62,0
DA:63,0
DA:81,0
DA:86,0
DA:87,0
DA:89,0
DA:90,0
DA:91,0
DA:92,0
DA:93,0
DA:94,0
DA:99,0
DA:100,0
DA:106,0
DA:107,0
DA:112,0
DA:120,0
DA:126,0
DA:128,0
DA:129,0
DA:130,0
DA:131,0
DA:133,0
DA:134,0
DA:135,0
DA:137,0
DA:140,0
DA:143,0
DA:144,0
DA:145,0
DA:147,0
DA:148,0
DA:155,1
DA:159,1
LF:53
LH:3
end_of_record
SF:lib/ui/views/patient_detail/patient_detail_view.dart
DA:11,2
DA:13,0
DA:14,0
DA:15,0
DA:17,0
DA:19,0
DA:20,0
DA:21,0
DA:22,0
DA:23,0
DA:26,0
DA:27,0
DA:31,0
DA:37,0
DA:39,0
DA:51,0
DA:57,0
DA:59,0
DA:60,0
DA:61,0
DA:63,0
DA:65,0
DA:66,0
DA:68,0
DA:69,0
DA:70,0
DA:73,0
DA:78,0
DA:80,0
DA:82,0
DA:83,0
DA:86,0
DA:91,0
DA:93,0
DA:94,0
DA:101,0
DA:103,0
DA:104,0
DA:106,0
DA:110,0
DA:111,0
DA:112,0
DA:116,0
DA:120,0
DA:122,0
DA:123,0
DA:124,0
DA:131,0
DA:132,0
DA:134,0
DA:137,0
DA:140,0
DA:142,0
DA:144,0
DA:145,0
DA:146,0
DA:148,0
DA:149,0
DA:152,0
DA:153,0
DA:155,0
DA:157,0
DA:158,0
DA:159,0
DA:160,0
DA:163,0
DA:164,0
DA:165,0
DA:169,0
DA:175,0
DA:176,0
DA:177,0
DA:178,0
DA:183,0
DA:185,0
DA:186,0
DA:187,0
DA:198,0
DA:199,0
DA:200,0
DA:202,0
DA:203,0
DA:205,0
DA:208,0
DA:209,0
DA:210,0
DA:214,0
DA:215,0
DA:219,0
DA:222,0
DA:223,0
DA:224,0
DA:225,0
DA:227,0
DA:229,0
DA:230,0
DA:231,0
DA:232,0
DA:235,0
DA:236,0
DA:237,0
DA:241,0
DA:248,0
DA:250,0
DA:251,0
DA:253,0
DA:254,0
DA:265,0
DA:267,0
DA:270,0
DA:274,0
LF:111
LH:1
end_of_record
SF:lib/ui/views/patient_view_navigator.dart
DA:6,4
DA:8,0
DA:10,0
DA:11,0
DA:13,0
DA:14,0
DA:15,0
LF:7
LH:1
end_of_record
SF:lib/ui/views/pre_post/pre_post_view.dart
DA:18,0
DA:21,0
DA:27,0
DA:28,0
DA:30,0
DA:31,0
DA:32,0
DA:34,0
DA:36,0
DA:37,0
DA:38,0
DA:39,0
DA:40,0
DA:42,0
DA:44,0
DA:45,0
DA:46,0
DA:47,0
DA:48,0
DA:49,0
DA:51,0
DA:52,0
DA:53,0
DA:55,0
DA:56,0
DA:57,0
DA:58,0
DA:59,0
DA:60,0
DA:61,0
DA:62,0
DA:63,0
DA:64,0
DA:65,0
DA:66,0
DA:67,0
DA:69,0
DA:70,0
DA:71,0
DA:73,0
DA:78,0
DA:79,0
DA:80,0
DA:81,0
DA:82,0
DA:83,0
DA:86,0
DA:87,0
DA:90,0
DA:91,0
DA:95,0
DA:96,0
DA:97,0
DA:98,0
DA:105,0
DA:106,0
DA:108,0
DA:110,0
DA:111,0
DA:112,0
DA:116,0
DA:118,0
DA:122,0
DA:124,0
DA:125,0
DA:129,0
DA:130,0
DA:133,0
DA:135,0
DA:136,0
DA:137,0
DA:138,0
DA:139,0
DA:140,0
DA:158,0
DA:159,0
DA:161,0
DA:163,0
DA:164,0
DA:166,0
DA:167,0
DA:170,0
DA:171,0
DA:179,0
DA:180,0
DA:182,0
DA:186,0
DA:188,0
DA:189,0
DA:193,0
DA:194,0
DA:198,0
DA:200,0
DA:201,0
DA:202,0
DA:203,0
DA:204,0
DA:222,0
DA:223,0
DA:225,0
DA:227,0
DA:228,0
DA:229,0
DA:233,0
DA:235,0
DA:239,0
DA:241,0
DA:242,0
DA:246,0
DA:247,0
DA:250,0
DA:252,0
DA:253,0
DA:254,0
DA:255,0
DA:256,0
DA:274,0
DA:275,0
DA:277,0
DA:279,0
DA:280,0
DA:282,0
DA:283,0
DA:286,0
DA:287,0
DA:295,0
DA:296,0
DA:298,0
DA:303,0
DA:305,0
DA:306,0
DA:310,0
DA:311,0
DA:314,0
DA:316,0
DA:317,0
DA:318,0
DA:319,0
DA:320,0
DA:338,0
DA:339,0
DA:341,0
DA:343,0
DA:344,0
DA:346,0
DA:347,0
DA:350,0
DA:351,0
DA:352,0
DA:359,0
DA:360,0
DA:362,0
DA:366,0
DA:368,0
DA:369,0
DA:373,0
DA:374,0
DA:377,0
DA:379,0
DA:380,0
DA:381,0
DA:382,0
DA:383,0
DA:401,0
DA:402,0
DA:404,0
DA:406,0
DA:407,0
DA:409,0
DA:410,0
DA:413,0
DA:414,0
DA:415,0
DA:422,0
DA:423,0
DA:425,0
DA:429,0
DA:431,0
DA:432,0
DA:436,0
DA:437,0
DA:440,0
DA:442,0
DA:443,0
DA:444,0
DA:445,0
DA:446,0
DA:459,0
DA:460,0
DA:462,0
DA:463,0
DA:467,0
DA:468,0
DA:471,0
DA:473,0
DA:474,0
DA:475,0
DA:476,0
DA:477,0
DA:478,0
DA:486,0
DA:500,0
DA:501,0
DA:503,0
DA:505,0
DA:506,0
DA:507,0
DA:511,0
DA:513,0
DA:517,0
DA:519,0
DA:520,0
DA:524,0
DA:525,0
DA:528,0
DA:530,0
DA:531,0
DA:532,0
DA:533,0
DA:534,0
DA:552,0
DA:553,0
DA:555,0
DA:557,0
DA:558,0
DA:559,0
DA:563,0
DA:565,0
DA:569,0
DA:571,0
DA:572,0
DA:576,0
DA:577,0
DA:580,0
DA:582,0
DA:583,0
DA:584,0
DA:585,0
DA:586,0
DA:604,0
DA:605,0
DA:607,0
DA:609,0
DA:610,0
DA:612,0
DA:613,0
DA:616,0
DA:617,0
DA:625,0
DA:626,0
DA:628,0
DA:633,0
DA:635,0
DA:636,0
DA:640,0
DA:641,0
DA:644,0
DA:646,0
DA:647,0
DA:648,0
DA:649,0
DA:650,0
DA:651,0
DA:669,0
DA:670,0
DA:672,0
DA:674,0
DA:675,0
DA:677,0
DA:678,0
DA:681,0
DA:682,0
DA:690,0
DA:691,0
DA:693,0
DA:698,0
DA:700,0
DA:701,0
DA:705,0
DA:706,0
DA:709,0
DA:711,0
DA:712,0
DA:713,0
DA:714,0
DA:715,0
DA:733,0
DA:734,0
DA:736,0
DA:738,0
DA:739,0
DA:741,0
DA:742,0
DA:745,0
DA:746,0
DA:754,0
DA:755,0
DA:757,0
DA:762,0
DA:764,0
DA:765,0
DA:769,0
DA:770,0
DA:774,0
DA:776,0
DA:777,0
DA:778,0
DA:779,0
DA:780,0
DA:781,0
DA:799,0
DA:800,0
DA:802,0
DA:804,0
DA:805,0
DA:807,0
DA:808,0
DA:811,0
DA:812,0
DA:820,0
DA:821,0
DA:823,0
DA:828,0
DA:830,0
DA:831,0
DA:835,0
DA:836,0
DA:840,0
DA:842,0
DA:843,0
DA:844,0
DA:845,0
DA:846,0
DA:864,0
DA:865,0
DA:867,0
DA:869,0
DA:870,0
DA:871,0
DA:875,0
DA:877,0
DA:881,0
DA:882,0
DA:883,0
DA:884,0
DA:885,0
DA:887,0
DA:888,0
DA:892,0
DA:893,0
DA:894,0
DA:895,0
DA:899,0
DA:901,0
DA:904,0
DA:905,0
DA:906,0
DA:907,0
DA:908,0
DA:909,0
DA:916,0
DA:917,0
DA:919,0
DA:927,0
DA:929,0
DA:936,0
DA:937,0
DA:939,0
DA:941,0
DA:942,0
DA:944,0
DA:945,0
DA:948,0
DA:949,0
DA:957,0
DA:958,0
DA:960,0
DA:965,0
DA:969,0
DA:970,0
DA:971,0
DA:972,0
DA:973,0
DA:974,0
DA:978,0
DA:979,0
DA:981,0
DA:982,0
DA:983,0
DA:984,0
DA:986,0
DA:987,0
DA:988,0
DA:989,0
DA:997,0
DA:1008,0
DA:1009,0
DA:1012,0
DA:1014,0
DA:1016,0
DA:1017,0
DA:1019,0
DA:1020,0
DA:1023,0
DA:1024,0
DA:1025,0
DA:1032,0
DA:1033,0
DA:1035,0
DA:1039,0
DA:1040,0
DA:1044,0
DA:1045,0
DA:1046,0
DA:1047,0
DA:1048,0
DA:1049,0
DA:1050,0
DA:1054,0
DA:1055,0
DA:1056,0
DA:1069,0
DA:1071,0
DA:1075,0
DA:1076,0
DA:1077,0
DA:1078,0
DA:1079,0
DA:1091,0
DA:1093,0
DA:1094,0
DA:1097,0
DA:1098,0
DA:1100,0
DA:1101,0
DA:1102,0
DA:1107,0
DA:1109,0
DA:1114,0
DA:1118,0
LF:440
LH:0
end_of_record
SF:lib/ui/views/settings/settings_view.dart
DA:8,2
DA:12,0
DA:18,0
DA:19,0
DA:22,0
DA:24,0
DA:25,0
DA:26,0
DA:30,0
DA:31,0
DA:33,0
DA:34,0
DA:35,0
DA:36,0
DA:185,0
DA:187,0
DA:219,0
DA:235,0
DA:242,0
DA:258,0
DA:265,0
DA:274,0
DA:289,0
DA:292,0
DA:293,0
DA:294,0
DA:296,0
DA:297,0
DA:298,0
DA:302,0
DA:303,0
DA:304,0
DA:305,0
DA:319,0
DA:323,0
LF:35
LH:1
end_of_record
SF:lib/ui/views/settings_view_navigator.dart
DA:6,4
DA:8,0
DA:10,0
DA:11,0
DA:13,0
DA:14,0
DA:15,0
LF:7
LH:1
end_of_record
SF:lib/ui/views/summary/summary_view.dart
DA:17,0
DA:19,0
DA:21,0
DA:24,0
DA:25,0
DA:27,0
DA:28,0
DA:29,0
DA:30,0
DA:38,0
DA:40,0
DA:43,0
DA:49,0
DA:50,0
DA:51,0
DA:53,0
DA:54,0
DA:57,0
DA:59,0
DA:60,0
DA:61,0
DA:62,0
DA:63,0
DA:64,0
DA:65,0
DA:66,0
DA:67,0
DA:68,0
DA:71,0
DA:74,0
DA:81,0
DA:83,0
DA:91,0
DA:92,0
DA:93,0
DA:96,0
DA:99,0
DA:100,0
DA:101,0
DA:106,0
DA:108,0
DA:116,0
DA:117,0
DA:118,0
DA:119,0
DA:122,0
DA:125,0
DA:132,0
DA:134,0
DA:144,0
DA:145,0
DA:146,0
DA:148,0
DA:149,0
DA:150,0
DA:151,0
DA:154,0
DA:155,0
DA:156,0
DA:160,0
DA:161,0
DA:170,0
DA:174,0
DA:175,0
LF:64
LH:0
end_of_record
SF:lib/ui/common/app_colors.dart
DA:81,0
DA:82,0
LF:2
LH:0
end_of_record
SF:lib/ui/common/constants.dart
DA:3,0
LF:1
LH:0
end_of_record
SF:lib/ui/common/ui_helpers.dart
DA:26,0
DA:27,0
DA:29,0
DA:37,0
DA:39,0
DA:40,0
DA:42,0
DA:44,0
DA:46,0
DA:48,0
DA:50,0
DA:51,0
DA:53,0
DA:54,0
DA:56,0
DA:57,0
DA:59,0
DA:60,0
DA:61,0
DA:62,0
DA:64,0
DA:65,0
DA:67,0
DA:68,0
DA:70,0
DA:71,0
DA:73,0
DA:74,0
DA:76,0
DA:80,0
DA:81,0
DA:96,0
DA:97,0
DA:104,0
DA:105,0
DA:112,0
DA:113,0
DA:120,0
DA:121,0
DA:128,0
DA:129,0
DA:136,0
DA:137,0
DA:144,0
DA:145,0
DA:152,0
DA:153,0
LF:47
LH:0
end_of_record
SF:lib/ui/dialogs/cancel_lead_compass/cancel_lead_compass_dialog_model.dart
DA:9,0
DA:10,0
DA:13,0
DA:14,0
DA:15,0
LF:5
LH:0
end_of_record
SF:lib/ui/views/amputation/amputation_viewmodel.dart
DA:17,0
DA:19,0
DA:20,0
DA:21,0
DA:22,0
LF:5
LH:0
end_of_record
SF:lib/ui/widgets/amputation_card.dart
DA:13,2
DA:15,0
DA:16,0
DA:17,0
DA:18,0
DA:19,0
DA:20,0
DA:27,0
DA:28,0
DA:31,0
DA:32,0
DA:35,0
DA:36,0
DA:37,0
DA:38,0
DA:39,0
DA:41,0
DA:42,0
DA:43,0
DA:44,0
DA:45,0
DA:46,0
DA:48,0
DA:49,0
DA:50,0
DA:51,0
DA:55,0
DA:56,0
DA:58,0
DA:65,0
DA:72,0
DA:74,0
DA:75,0
DA:76,0
DA:77,0
DA:78,0
DA:83,0
DA:84,0
DA:85,0
DA:86,0
DA:88,0
DA:89,0
DA:90,0
DA:91,0
DA:96,0
DA:99,0
DA:100,0
DA:102,0
DA:109,0
DA:115,0
DA:116,0
DA:117,0
DA:119,0
DA:120,0
DA:121,0
DA:122,0
DA:130,0
DA:132,0
DA:133,0
DA:135,0
DA:136,0
DA:137,0
DA:138,0
DA:139,0
DA:140,0
DA:141,0
DA:148,0
DA:149,0
DA:152,0
DA:154,0
DA:156,0
DA:158,0
DA:159,0
DA:162,0
DA:163,0
DA:164,0
DA:170,0
DA:177,0
DA:178,0
DA:180,0
DA:185,0
DA:186,0
DA:188,0
DA:189,0
DA:199,0
DA:200,0
DA:201,0
DA:202,0
DA:203,0
DA:204,0
DA:211,0
DA:212,0
DA:215,0
DA:217,0
DA:218,0
DA:219,0
DA:220,0
DA:222,0
DA:223,0
DA:224,0
DA:231,0
DA:238,0
DA:239,0
DA:240,0
DA:241,0
DA:242,0
DA:243,0
DA:250,0
DA:251,0
DA:254,0
DA:256,0
DA:257,0
DA:258,0
DA:259,0
DA:261,0
DA:262,0
DA:263,0
DA:266,0
DA:267,0
DA:268,0
DA:274,0
DA:283,0
DA:284,0
DA:285,0
DA:286,0
DA:287,0
DA:288,0
DA:295,0
DA:296,0
DA:298,0
DA:299,0
DA:301,0
DA:303,0
DA:306,0
DA:308,0
DA:309,0
DA:310,0
DA:311,0
DA:312,0
DA:313,0
DA:329,0
DA:331,0
DA:332,0
DA:335,0
DA:336,0
DA:338,0
DA:339,0
DA:340,0
DA:345,0
DA:347,0
DA:352,0
DA:354,0
DA:355,0
DA:356,0
DA:357,0
DA:358,0
DA:360,0
DA:361,0
DA:362,0
DA:363,0
DA:364,0
DA:368,0
DA:370,0
DA:371,0
DA:372,0
DA:373,0
DA:374,0
DA:376,0
DA:378,0
DA:379,0
DA:381,0
DA:383,0
DA:385,0
DA:389,0
DA:390,0
DA:391,0
DA:392,0
LF:177
LH:1
end_of_record
SF:lib/ui/views/amputation_form/amputation_form_viewmodel.dart
DA:30,0
DA:35,0
DA:37,0
DA:38,0
DA:40,0
DA:41,0
DA:43,0
DA:44,0
DA:46,0
DA:47,0
DA:51,0
DA:52,0
DA:54,0
DA:55,0
DA:57,0
DA:60,0
DA:61,0
DA:63,0
DA:64,0
DA:67,0
DA:68,0
DA:69,0
DA:72,0
DA:73,0
DA:74,0
DA:77,0
DA:78,0
DA:79,0
DA:82,0
DA:83,0
DA:84,0
DA:87,0
DA:88,0
DA:89,0
DA:92,0
DA:93,0
DA:94,0
DA:95,0
DA:97,0
DA:98,0
DA:100,0
DA:103,0
DA:106,0
DA:107,0
DA:108,0
DA:111,0
DA:112,0
DA:119,0
DA:120,0
DA:122,0
DA:124,0
DA:125,0
DA:127,0
DA:128,0
DA:133,0
DA:135,0
DA:136,0
DA:137,0
DA:138,0
DA:139,0
DA:140,0
DA:142,0
DA:143,0
DA:144,0
DA:145,0
DA:146,0
DA:148,0
DA:149,0
DA:153,0
DA:154,0
DA:155,0
DA:157,0
DA:158,0
DA:159,0
DA:164,0
DA:165,0
DA:168,0
DA:169,0
DA:173,0
DA:174,0
LF:80
LH:0
end_of_record
SF:lib/ui/views/complete/complete_viewmodel.dart
DA:25,0
DA:29,0
DA:33,0
DA:34,0
DA:37,0
DA:38,0
DA:40,0
DA:41,0
DA:45,0
DA:46,0
DA:48,0
DA:49,0
DA:50,0
DA:52,0
DA:53,0
DA:55,0
DA:58,0
DA:62,0
DA:63,0
DA:64,0
DA:65,0
DA:68,0
DA:69,0
LF:23
LH:0
end_of_record
SF:lib/ui/widgets/episode_page1.dart
DA:27,0
DA:33,0
DA:34,0
DA:58,0
DA:60,0
DA:61,0
DA:64,0
DA:65,0
DA:66,0
DA:67,0
DA:69,0
DA:70,0
DA:86,0
DA:88,0
DA:89,0
DA:90,0
DA:91,0
DA:93,0
DA:95,0
DA:96,0
DA:97,0
DA:99,0
DA:101,0
DA:102,0
DA:104,0
DA:105,0
DA:107,0
DA:108,0
DA:109,0
DA:112,0
DA:114,0
DA:115,0
DA:118,0
DA:120,0
DA:121,0
DA:126,0
DA:127,0
DA:130,0
DA:131,0
DA:134,0
DA:135,0
DA:138,0
DA:139,0
DA:142,0
DA:143,0
DA:146,0
DA:147,0
DA:151,0
DA:152,0
DA:155,0
DA:156,0
DA:157,0
DA:158,0
DA:162,0
DA:163,0
DA:164,0
DA:167,0
DA:168,0
DA:169,0
DA:170,0
DA:172,0
DA:175,0
DA:176,0
DA:177,0
DA:178,0
DA:180,0
DA:181,0
DA:186,0
DA:187,0
DA:189,0
DA:191,0
DA:193,0
DA:195,0
DA:196,0
DA:199,0
DA:200,0
DA:204,0
DA:205,0
DA:207,0
DA:209,0
DA:211,0
DA:212,0
DA:215,0
DA:216,0
DA:220,0
DA:221,0
DA:222,0
DA:223,0
DA:225,0
DA:226,0
DA:229,0
DA:231,0
DA:233,0
DA:234,0
DA:239,0
DA:240,0
DA:241,0
DA:242,0
DA:243,0
DA:244,0
DA:246,0
DA:247,0
DA:248,0
DA:249,0
DA:250,0
DA:252,0
DA:253,0
DA:254,0
DA:255,0
DA:256,0
DA:259,0
DA:262,0
DA:265,0
DA:266,0
DA:267,0
DA:268,0
DA:269,0
DA:272,0
DA:275,0
DA:278,0
DA:279,0
DA:280,0
DA:282,0
DA:286,0
DA:287,0
DA:288,0
DA:290,0
DA:292,0
DA:294,0
DA:295,0
DA:300,0
DA:301,0
DA:303,0
DA:305,0
DA:307,0
DA:308,0
DA:311,0
DA:312,0
DA:316,0
DA:317,0
DA:318,0
DA:319,0
DA:320,0
DA:323,0
DA:326,0
DA:329,0
DA:330,0
DA:333,0
DA:334,0
DA:335,0
DA:337,0
DA:338,0
DA:342,0
DA:343,0
DA:344,0
DA:345,0
DA:346,0
DA:347,0
DA:348,0
DA:349,0
DA:352,0
DA:354,0
DA:356,0
DA:368,0
DA:369,0
DA:371,0
DA:372,0
DA:377,0
DA:378,0
DA:380,0
DA:382,0
DA:383,0
DA:384,0
DA:388,0
DA:390,0
DA:394,0
DA:398,0
DA:399,0
DA:400,0
DA:401,0
DA:402,0
DA:403,0
DA:405,0
DA:406,0
DA:407,0
DA:408,0
DA:409,0
DA:410,0
DA:411,0
DA:413,0
DA:414,0
DA:418,0
DA:419,0
DA:423,0
DA:424,0
DA:426,0
DA:427,0
DA:428,0
DA:429,0
DA:431,0
DA:432,0
DA:433,0
DA:434,0
DA:435,0
DA:437,0
DA:438,0
DA:439,0
DA:440,0
DA:441,0
DA:442,0
DA:443,0
DA:444,0
DA:446,0
DA:447,0
DA:458,0
DA:464,0
DA:465,0
DA:466,0
DA:467,0
DA:468,0
DA:472,0
DA:473,0
DA:474,0
DA:475,0
DA:476,0
DA:477,0
DA:479,0
DA:480,0
DA:484,0
DA:485,0
DA:487,0
DA:488,0
DA:510,0
DA:511,0
DA:513,0
DA:515,0
DA:516,0
DA:518,0
DA:519,0
DA:522,0
DA:523,0
DA:534,0
DA:535,0
DA:537,0
DA:542,0
DA:546,0
DA:547,0
DA:548,0
DA:549,0
DA:550,0
DA:551,0
DA:552,0
DA:555,0
DA:556,0
DA:559,0
DA:562,0
DA:563,0
DA:565,0
DA:568,0
DA:569,0
DA:570,0
DA:571,0
DA:572,0
DA:573,0
DA:574,0
DA:576,0
DA:577,0
DA:581,0
DA:582,0
DA:586,0
DA:587,0
DA:589,0
DA:590,0
DA:591,0
DA:592,0
DA:594,0
DA:595,0
DA:596,0
DA:597,0
DA:598,0
DA:601,0
DA:602,0
DA:606,0
DA:611,0
DA:612,0
DA:613,0
DA:615,0
DA:618,0
DA:619,0
DA:620,0
DA:621,0
DA:622,0
DA:623,0
DA:624,0
DA:625,0
DA:627,0
DA:628,0
DA:639,0
DA:650,0
DA:651,0
DA:653,0
DA:655,0
DA:656,0
DA:658,0
DA:659,0
DA:662,0
DA:663,0
DA:674,0
DA:675,0
DA:677,0
DA:681,0
DA:682,0
DA:686,0
DA:687,0
DA:688,0
DA:690,0
DA:691,0
DA:696,0
DA:697,0
DA:698,0
DA:699,0
DA:701,0
DA:702,0
DA:715,0
DA:716,0
DA:718,0
DA:720,0
DA:721,0
DA:723,0
DA:724,0
DA:727,0
DA:728,0
DA:739,0
DA:740,0
DA:742,0
DA:744,0
DA:745,0
DA:746,0
DA:748,0
DA:750,0
DA:751,0
DA:752,0
DA:754,0
DA:755,0
DA:756,0
DA:764,0
DA:765,0
DA:766,0
DA:772,0
DA:773,0
DA:777,0
DA:778,0
DA:779,0
DA:780,0
DA:782,0
DA:784,0
DA:785,0
DA:788,0
DA:789,0
DA:791,0
DA:792,0
DA:793,0
DA:801,0
DA:802,0
DA:811,0
DA:812,0
DA:824,0
DA:825,0
DA:827,0
DA:829,0
DA:830,0
DA:832,0
DA:833,0
DA:834,0
DA:836,0
DA:837,0
DA:840,0
DA:841,0
DA:852,0
DA:853,0
DA:855,0
DA:857,0
DA:858,0
DA:859,0
DA:860,0
DA:862,0
DA:864,0
DA:865,0
DA:866,0
DA:868,0
DA:869,0
DA:870,0
DA:871,0
DA:872,0
DA:880,0
DA:882,0
DA:886,0
DA:887,0
DA:888,0
DA:890,0
DA:892,0
DA:893,0
DA:894,0
DA:896,0
DA:897,0
DA:898,0
DA:899,0
DA:900,0
DA:908,0
DA:910,0
DA:913,0
DA:915,0
DA:919,0
DA:920,0
DA:921,0
DA:925,0
DA:926,0
DA:927,0
DA:928,0
DA:929,0
DA:937,0
DA:939,0
DA:948,0
DA:949,0
DA:953,0
DA:954,0
DA:955,0
DA:956,0
DA:958,0
DA:960,0
DA:961,0
DA:964,0
DA:965,0
DA:966,0
DA:969,0
DA:973,0
DA:974,0
DA:975,0
DA:983,0
DA:984,0
DA:993,0
DA:994,0
DA:995,0
DA:996,0
DA:1008,0
DA:1009,0
DA:1011,0
DA:1013,0
DA:1014,0
DA:1016,0
DA:1017,0
DA:1020,0
DA:1021,0
DA:1032,0
DA:1033,0
DA:1035,0
DA:1039,0
DA:1041,0
DA:1042,0
DA:1046,0
DA:1047,0
DA:1050,0
DA:1052,0
DA:1053,0
DA:1054,0
DA:1055,0
DA:1056,0
DA:1057,0
DA:1059,0
DA:1060,0
DA:1081,0
DA:1082,0
DA:1084,0
DA:1086,0
DA:1087,0
DA:1089,0
DA:1090,0
DA:1093,0
DA:1094,0
DA:1105,0
DA:1106,0
DA:1108,0
DA:1113,0
DA:1115,0
DA:1116,0
DA:1120,0
DA:1121,0
DA:1124,0
DA:1126,0
DA:1127,0
DA:1128,0
DA:1129,0
DA:1130,0
DA:1131,0
DA:1133,0
DA:1134,0
DA:1155,0
DA:1156,0
DA:1158,0
DA:1160,0
DA:1161,0
DA:1163,0
DA:1164,0
DA:1167,0
DA:1168,0
DA:1179,0
DA:1180,0
DA:1182,0
DA:1187,0
DA:1191,0
DA:1192,0
DA:1193,0
DA:1194,0
DA:1195,0
DA:1196,0
DA:1198,0
DA:1199,0
DA:1200,0
DA:1201,0
DA:1202,0
DA:1203,0
DA:1205,0
DA:1206,0
DA:1210,0
DA:1211,0
DA:1215,0
DA:1216,0
DA:1218,0
DA:1219,0
DA:1220,0
DA:1221,0
DA:1223,0
DA:1224,0
DA:1225,0
DA:1226,0
DA:1227,0
DA:1229,0
DA:1230,0
DA:1231,0
DA:1232,0
DA:1233,0
DA:1234,0
DA:1235,0
DA:1237,0
DA:1238,0
DA:1249,0
DA:1260,0
DA:1261,0
DA:1263,0
DA:1265,0
DA:1266,0
DA:1268,0
DA:1269,0
DA:1272,0
DA:1273,0
DA:1284,0
DA:1285,0
DA:1287,0
DA:1292,0
DA:1294,0
DA:1295,0
DA:1299,0
DA:1300,0
DA:1303,0
DA:1305,0
DA:1306,0
DA:1307,0
DA:1308,0
DA:1309,0
DA:1310,0
DA:1312,0
DA:1313,0
DA:1334,0
DA:1336,0
DA:1337,0
DA:1338,0
DA:1339,0
DA:1340,0
DA:1341,0
DA:1342,0
DA:1345,0
DA:1347,0
DA:1348,0
DA:1349,0
DA:1350,0
DA:1352,0
DA:1354,0
DA:1355,0
DA:1356,0
DA:1357,0
DA:1358,0
DA:1359,0
DA:1360,0
DA:1361,0
DA:1362,0
DA:1363,0
DA:1364,0
DA:1365,0
LF:598
LH:0
end_of_record
SF:lib/ui/widgets/episode_page2.dart
DA:10,0
DA:16,0
DA:17,0
DA:23,0
DA:25,0
DA:26,0
DA:29,0
DA:31,0
DA:32,0
DA:34,0
DA:35,0
DA:36,0
DA:37,0
DA:38,0
DA:39,0
DA:40,0
DA:41,0
DA:43,0
DA:45,0
DA:56,0
DA:57,0
DA:58,0
DA:59,0
DA:60,0
DA:62,0
DA:63,0
DA:64,0
DA:66,0
LF:28
LH:0
end_of_record
SF:lib/ui/views/episode/episode_viewmodel.dart
DA:27,0
DA:35,0
DA:39,0
DA:40,0
DA:42,0
DA:43,0
DA:45,0
DA:46,0
DA:47,0
DA:49,0
DA:51,0
DA:52,0
DA:53,0
DA:57,0
DA:58,0
DA:60,0
DA:61,0
DA:63,0
DA:65,0
DA:66,0
DA:69,0
DA:70,0
DA:72,0
DA:73,0
DA:77,0
DA:78,0
DA:80,0
DA:83,0
DA:84,0
DA:85,0
DA:87,0
DA:89,0
DA:90,0
DA:91,0
DA:93,0
DA:96,0
DA:100,0
DA:101,0
DA:104,0
DA:105,0
DA:114,0
DA:115,0
DA:119,0
DA:120,0
DA:121,0
DA:124,0
DA:125,0
DA:126,0
DA:129,0
DA:130,0
DA:131,0
DA:132,0
DA:134,0
DA:138,0
DA:139,0
DA:141,0
DA:142,0
LF:57
LH:0
end_of_record
SF:lib/ui/widgets/outcome measure widgets/tminwt_view.dart
DA:18,0
DA:20,0
DA:21,0
DA:35,0
DA:37,0
DA:38,0
DA:39,0
DA:40,0
DA:41,0
DA:42,0
DA:43,0
DA:45,0
DA:46,0
DA:48,0
DA:51,0
DA:53,0
DA:54,0
DA:55,0
DA:56,0
DA:57,0
DA:60,0
DA:61,0
DA:64,0
DA:65,0
DA:67,0
DA:68,0
DA:69,0
DA:70,0
DA:75,0
DA:76,0
DA:77,0
DA:78,0
DA:81,0
DA:82,0
DA:83,0
DA:84,0
DA:85,0
DA:88,0
DA:89,0
DA:92,0
DA:93,0
DA:94,0
DA:97,0
DA:99,0
DA:100,0
DA:103,0
DA:105,0
DA:106,0
DA:107,0
DA:108,0
DA:109,0
DA:110,0
DA:114,0
DA:116,0
DA:118,0
DA:119,0
DA:120,0
DA:123,0
DA:124,0
DA:125,0
DA:126,0
DA:127,0
DA:129,0
DA:131,0
DA:132,0
DA:136,0
DA:137,0
DA:139,0
DA:140,0
DA:142,0
DA:143,0
DA:144,0
DA:145,0
DA:150,0
DA:154,0
DA:156,0
DA:158,0
DA:159,0
DA:160,0
DA:163,0
DA:164,0
DA:165,0
DA:166,0
DA:167,0
DA:169,0
DA:171,0
DA:172,0
DA:173,0
DA:176,0
DA:177,0
DA:179,0
DA:180,0
DA:182,0
DA:183,0
DA:184,0
DA:185,0
DA:195,0
DA:196,0
DA:197,0
DA:199,0
DA:200,0
DA:201,0
DA:202,0
DA:203,0
DA:204,0
DA:205,0
DA:206,0
DA:208,0
DA:210,0
DA:212,0
DA:213,0
DA:214,0
DA:215,0
DA:216,0
DA:217,0
DA:218,0
DA:220,0
DA:222,0
DA:224,0
DA:225,0
DA:226,0
DA:227,0
DA:228,0
DA:229,0
DA:230,0
DA:235,0
DA:237,0
DA:238,0
DA:239,0
DA:241,0
DA:242,0
DA:243,0
DA:247,0
DA:250,0
DA:252,0
DA:253,0
DA:254,0
DA:255,0
DA:256,0
DA:257,0
DA:258,0
DA:263,0
DA:266,0
DA:267,0
DA:268,0
LF:145
LH:0
end_of_record
SF:lib/ui/widgets/outcome measure widgets/evaluation.dart
DA:30,0
DA:32,0
DA:33,0
DA:46,0
DA:48,0
DA:50,0
DA:51,0
DA:52,0
DA:53,0
DA:54,0
DA:55,0
DA:58,0
DA:59,0
DA:61,0
DA:64,0
DA:67,0
DA:68,0
DA:69,0
DA:72,0
DA:75,0
DA:76,0
DA:79,0
DA:80,0
DA:81,0
DA:83,0
DA:84,0
DA:85,0
DA:88,0
DA:89,0
DA:90,0
DA:92,0
DA:93,0
DA:94,0
DA:97,0
DA:98,0
DA:99,0
DA:102,0
DA:103,0
DA:104,0
DA:107,0
DA:108,0
DA:109,0
DA:112,0
DA:113,0
DA:114,0
DA:116,0
DA:117,0
DA:118,0
DA:121,0
DA:122,0
DA:124,0
DA:128,0
DA:129,0
DA:130,0
DA:131,0
DA:132,0
DA:137,0
DA:141,0
DA:142,0
DA:143,0
DA:146,0
DA:155,0
DA:157,0
DA:159,0
DA:160,0
DA:164,0
DA:165,0
DA:166,0
DA:168,0
DA:169,0
DA:171,0
DA:174,0
DA:180,0
DA:181,0
DA:184,0
DA:185,0
DA:186,0
DA:188,0
DA:191,0
DA:192,0
DA:194,0
DA:195,0
DA:196,0
DA:197,0
DA:199,0
DA:200,0
DA:202,0
DA:206,0
DA:207,0
DA:209,0
DA:213,0
DA:214,0
DA:215,0
DA:216,0
DA:218,0
DA:225,0
DA:227,0
DA:228,0
DA:229,0
DA:232,0
DA:234,0
DA:235,0
DA:236,0
DA:237,0
DA:238,0
DA:239,0
DA:240,0
DA:241,0
DA:242,0
DA:243,0
DA:245,0
DA:246,0
DA:247,0
DA:249,0
DA:250,0
DA:251,0
DA:255,0
DA:256,0
DA:257,0
DA:258,0
DA:259,0
DA:260,0
DA:261,0
DA:262,0
DA:284,0
DA:286,0
DA:287,0
DA:288,0
DA:289,0
DA:290,0
DA:291,0
DA:293,0
DA:294,0
DA:295,0
DA:296,0
DA:297,0
DA:298,0
DA:301,0
DA:303,0
DA:304,0
DA:305,0
DA:306,0
DA:307,0
DA:308,0
DA:310,0
DA:311,0
DA:312,0
DA:313,0
DA:315,0
DA:316,0
DA:317,0
DA:325,0
DA:326,0
DA:327,0
DA:328,0
DA:329,0
DA:330,0
DA:334,0
DA:335,0
DA:336,0
DA:337,0
DA:338,0
DA:339,0
DA:340,0
DA:341,0
DA:342,0
DA:343,0
DA:344,0
DA:345,0
DA:347,0
DA:348,0
DA:349,0
DA:350,0
DA:351,0
DA:352,0
DA:367,0
DA:368,0
DA:369,0
DA:371,0
DA:372,0
DA:373,0
DA:374,0
DA:375,0
DA:376,0
DA:378,0
DA:383,0
DA:386,0
DA:388,0
DA:389,0
DA:390,0
DA:391,0
DA:392,0
DA:393,0
DA:395,0
DA:396,0
DA:397,0
DA:400,0
DA:401,0
DA:402,0
DA:403,0
DA:406,0
DA:407,0
DA:408,0
DA:409,0
DA:410,0
DA:411,0
DA:413,0
DA:414,0
DA:415,0
DA:416,0
DA:417,0
DA:419,0
DA:420,0
DA:421,0
DA:422,0
DA:434,0
DA:435,0
DA:436,0
DA:438,0
DA:439,0
DA:440,0
DA:441,0
DA:443,0
DA:444,0
DA:448,0
DA:449,0
DA:450,0
DA:451,0
DA:452,0
DA:453,0
DA:454,0
LF:231
LH:0
end_of_record
SF:lib/ui/widgets/outcome measure widgets/tug_timer.dart
DA:16,0
DA:18,0
DA:19,0
DA:32,0
DA:34,0
DA:35,0
DA:36,0
DA:37,0
DA:38,0
DA:39,0
DA:40,0
DA:42,0
DA:43,0
DA:47,0
DA:49,0
DA:50,0
DA:51,0
DA:52,0
DA:53,0
DA:56,0
DA:57,0
DA:61,0
DA:62,0
DA:63,0
DA:64,0
DA:67,0
DA:71,0
DA:73,0
DA:76,0
DA:77,0
DA:78,0
DA:79,0
DA:86,0
DA:89,0
DA:92,0
DA:93,0
DA:95,0
DA:96,0
DA:100,0
DA:101,0
DA:102,0
DA:103,0
DA:104,0
DA:107,0
DA:108,0
DA:109,0
DA:110,0
DA:111,0
DA:114,0
DA:115,0
DA:118,0
DA:119,0
DA:120,0
DA:123,0
DA:125,0
DA:126,0
DA:129,0
DA:131,0
DA:132,0
DA:133,0
DA:134,0
DA:135,0
DA:136,0
DA:140,0
DA:142,0
DA:144,0
DA:145,0
DA:146,0
DA:149,0
DA:150,0
DA:151,0
DA:152,0
DA:153,0
DA:155,0
DA:157,0
DA:158,0
DA:162,0
DA:163,0
DA:165,0
DA:166,0
DA:168,0
DA:169,0
DA:170,0
DA:171,0
DA:176,0
DA:182,0
DA:183,0
DA:184,0
DA:186,0
DA:187,0
DA:188,0
DA:189,0
DA:190,0
DA:191,0
DA:192,0
DA:193,0
DA:194,0
DA:196,0
DA:198,0
DA:200,0
DA:201,0
DA:202,0
DA:203,0
DA:204,0
DA:205,0
DA:206,0
DA:208,0
DA:210,0
DA:212,0
DA:214,0
DA:215,0
DA:216,0
DA:217,0
DA:218,0
DA:219,0
DA:220,0
DA:221,0
DA:222,0
DA:223,0
DA:229,0
DA:231,0
DA:232,0
DA:233,0
DA:235,0
DA:236,0
DA:237,0
DA:241,0
DA:244,0
DA:246,0
DA:247,0
DA:248,0
DA:249,0
DA:250,0
DA:251,0
DA:252,0
DA:257,0
DA:260,0
DA:261,0
DA:262,0
LF:139
LH:0
end_of_record
SF:lib/ui/views/evaluation/evaluation_viewmodel.dart
DA:32,0
DA:33,0
DA:35,0
DA:36,0
DA:39,0
DA:42,0
DA:43,0
DA:46,0
DA:47,0
DA:49,0
DA:50,0
DA:52,0
DA:53,0
DA:58,0
DA:59,0
DA:60,0
DA:61,0
DA:62,0
DA:63,0
DA:64,0
DA:65,0
DA:66,0
DA:67,0
DA:68,0
DA:69,0
DA:70,0
DA:71,0
DA:72,0
DA:73,0
DA:74,0
DA:75,0
DA:76,0
DA:78,0
DA:81,0
DA:85,0
DA:86,0
DA:87,0
DA:88,0
DA:89,0
DA:91,0
DA:95,0
DA:96,0
DA:97,0
DA:98,0
DA:99,0
DA:102,0
DA:103,0
DA:104,0
DA:105,0
DA:106,0
DA:107,0
DA:108,0
DA:110,0
DA:114,0
DA:115,0
DA:116,0
DA:117,0
DA:120,0
DA:122,0
DA:123,0
DA:124,0
DA:127,0
DA:128,0
DA:129,0
DA:130,0
DA:131,0
DA:134,0
DA:135,0
DA:140,0
DA:141,0
DA:142,0
DA:145,0
DA:146,0
DA:147,0
DA:150,0
DA:151,0
DA:152,0
DA:155,0
DA:156,0
DA:157,0
DA:160,0
DA:161,0
DA:168,0
DA:169,0
DA:173,0
DA:174,0
DA:176,0
DA:177,0
DA:181,0
DA:182,0
LF:90
LH:0
end_of_record
SF:lib/ui/views/lead_form/lead_form_viewmodel.dart
DA:21,0
DA:36,0
DA:37,0
DA:40,0
DA:42,0
DA:43,0
DA:45,0
DA:46,0
DA:47,0
DA:48,0
DA:52,0
DA:54,0
DA:56,0
DA:58,0
DA:62,0
DA:64,0
DA:65,0
DA:69,0
DA:70,0
DA:72,0
DA:73,0
DA:74,0
DA:75,0
DA:77,0
DA:79,0
DA:81,0
DA:83,0
DA:84,0
DA:86,0
DA:87,0
DA:88,0
DA:89,0
DA:91,0
DA:92,0
DA:94,0
DA:95,0
DA:96,0
DA:98,0
DA:99,0
DA:103,0
DA:104,0
LF:41
LH:0
end_of_record
SF:lib/ui/views/login/login_viewmodel.dart
DA:29,0
DA:30,0
DA:32,0
DA:33,0
DA:34,0
DA:36,0
DA:37,0
DA:41,0
DA:43,0
DA:45,0
DA:46,0
DA:48,0
DA:51,0
DA:52,0
DA:60,0
DA:62,0
DA:64,0
DA:65,0
DA:71,0
DA:72,0
DA:77,0
DA:79,0
DA:84,0
DA:85,0
DA:86,0
DA:89,0
DA:90,0
DA:98,0
DA:99,0
LF:29
LH:0
end_of_record
SF:lib/ui/widgets/outcome_measure_info.dart
DA:8,0
DA:10,0
DA:12,0
DA:13,0
DA:14,0
DA:15,0
DA:17,0
DA:18,0
DA:20,0
DA:21,0
DA:24,0
DA:26,0
DA:28,0
DA:33,0
DA:35,0
DA:36,0
DA:47,0
DA:49,0
DA:50,0
DA:51,0
DA:52,0
DA:53,0
DA:54,0
DA:55,0
DA:56,0
DA:57,0
DA:58,0
DA:59,0
DA:60,0
LF:29
LH:0
end_of_record
SF:lib/ui/views/outcome_measure_info/outcome_measure_info_viewmodel.dart
DA:9,0
DA:11,0
DA:12,0
DA:13,0
DA:14,0
DA:15,0
DA:16,0
DA:17,0
DA:18,0
DA:19,0
DA:20,0
DA:21,0
DA:22,0
DA:23,0
DA:24,0
DA:25,0
DA:26,0
DA:27,0
DA:28,0
DA:30,0
LF:20
LH:0
end_of_record
SF:lib/ui/views/patient_detail/patient_detail_viewmodel.dart
DA:32,0
DA:36,0
DA:37,0
DA:40,0
DA:41,0
DA:42,0
DA:43,0
DA:44,0
DA:45,0
DA:46,0
DA:47,0
DA:51,0
DA:52,0
DA:54,0
DA:56,0
DA:57,0
DA:58,0
DA:59,0
DA:61,0
DA:64,0
DA:65,0
DA:66,0
DA:69,0
DA:70,0
DA:72,0
DA:74,0
DA:75,0
DA:77,0
DA:81,0
DA:82,0
DA:84,0
DA:86,0
DA:87,0
DA:90,0
DA:92,0
DA:96,0
DA:97,0
DA:99,0
DA:100,0
DA:102,0
LF:40
LH:0
end_of_record
SF:lib/ui/views/pre_post/pre_post_viewmodel.dart
DA:23,0
DA:24,0
DA:33,0
DA:37,0
DA:38,0
DA:40,0
DA:41,0
DA:43,0
DA:44,0
DA:45,0
DA:47,0
DA:48,0
DA:49,0
DA:53,0
DA:54,0
DA:58,0
DA:59,0
DA:60,0
DA:62,0
DA:65,0
DA:66,0
DA:68,0
DA:69,0
DA:73,0
DA:74,0
DA:75,0
DA:76,0
DA:77,0
DA:81,0
DA:84,0
DA:85,0
DA:86,0
DA:87,0
DA:88,0
DA:89,0
DA:91,0
DA:94,0
DA:96,0
DA:97,0
DA:98,0
DA:99,0
DA:100,0
DA:101,0
DA:102,0
DA:103,0
DA:104,0
DA:105,0
DA:106,0
DA:107,0
DA:108,0
DA:109,0
DA:110,0
DA:111,0
DA:112,0
DA:113,0
DA:116,0
DA:119,0
DA:120,0
DA:122,0
DA:125,0
DA:126,0
DA:128,0
DA:131,0
DA:132,0
DA:134,0
DA:137,0
DA:138,0
DA:140,0
DA:143,0
DA:144,0
DA:146,0
DA:149,0
DA:150,0
DA:152,0
DA:155,0
DA:156,0
DA:158,0
DA:159,0
DA:160,0
DA:163,0
DA:166,0
DA:167,0
DA:169,0
DA:172,0
DA:173,0
DA:175,0
DA:178,0
DA:179,0
DA:181,0
DA:182,0
DA:185,0
DA:188,0
DA:189,0
DA:191,0
DA:194,0
DA:195,0
DA:197,0
DA:198,0
DA:200,0
DA:203,0
DA:204,0
DA:206,0
DA:209,0
DA:210,0
DA:217,0
DA:218,0
DA:221,0
DA:222,0
DA:224,0
DA:227,0
DA:228,0
DA:231,0
DA:232,0
LF:113
LH:0
end_of_record
SF:lib/ui/views/settings/settings_viewmodel.dart
DA:28,0
DA:29,0
DA:32,0
DA:34,0
DA:36,0
DA:37,0
DA:41,0
DA:42,0
DA:46,0
DA:47,0
DA:51,0
DA:52,0
DA:53,0
DA:55,0
DA:58,0
DA:59,0
DA:60,0
DA:63,0
DA:64,0
DA:68,0
DA:69,0
DA:75,0
DA:77,0
DA:78,0
DA:79,0
DA:81,0
DA:87,0
LF:27
LH:0
end_of_record
SF:lib/ui/widgets/outcome_measure_summary_score.dart
DA:11,0
DA:12,0
DA:14,0
DA:15,0
DA:16,0
DA:17,0
DA:18,0
DA:19,0
DA:21,0
DA:25,0
DA:28,0
DA:29,0
DA:31,0
DA:32,0
DA:36,0
DA:38,0
DA:39,0
DA:40,0
DA:42,0
DA:44,0
DA:45,0
DA:46,0
DA:47,0
DA:48,0
DA:49,0
DA:54,0
LF:26
LH:0
end_of_record
SF:lib/ui/views/summary/summary_viewmodel.dart
DA:43,0
DA:45,0
DA:60,0
DA:64,0
DA:66,0
DA:68,0
DA:69,0
DA:70,0
DA:73,0
DA:75,0
DA:78,0
DA:80,0
DA:81,0
DA:84,0
DA:85,0
DA:88,0
DA:89,0
DA:91,0
DA:92,0
DA:95,0
DA:96,0
DA:99,0
DA:100,0
DA:101,0
DA:103,0
DA:105,0
DA:107,0
DA:108,0
DA:109,0
DA:113,0
DA:114,0
DA:115,0
DA:118,0
DA:119,0
DA:120,0
DA:123,0
DA:125,0
DA:127,0
DA:133,0
DA:134,0
DA:137,0
DA:138,0
DA:144,0
DA:145,0
DA:147,0
DA:149,0
DA:152,0
DA:153,0
DA:155,0
DA:157,0
DA:160,0
DA:161,0
DA:169,0
DA:171,0
DA:173,0
DA:175,0
DA:177,0
DA:179,0
DA:181,0
DA:186,0
DA:187,0
DA:195,0
DA:199,0
DA:201,0
DA:203,0
DA:205,0
DA:207,0
DA:209,0
DA:211,0
DA:214,0
DA:219,0
DA:220,0
DA:221,0
DA:222,0
DA:225,0
DA:226,0
DA:227,0
DA:231,0
DA:232,0
DA:233,0
DA:236,0
DA:237,0
DA:240,0
DA:241,0
DA:242,0
DA:246,0
DA:247,0
DA:248,0
DA:249,0
DA:253,0
DA:254,0
DA:255,0
DA:256,0
LF:93
LH:0
end_of_record
SF:lib/ui/widgets/socket_form.dart
DA:21,0
DA:28,0
DA:29,0
DA:46,0
DA:48,0
DA:50,0
DA:51,0
DA:52,0
DA:53,0
DA:57,0
DA:58,0
DA:59,0
DA:61,0
DA:62,0
DA:63,0
DA:65,0
DA:66,0
DA:67,0
DA:69,0
DA:70,0
DA:71,0
DA:74,0
DA:75,0
DA:76,0
DA:79,0
DA:80,0
DA:81,0
DA:84,0
DA:89,0
DA:90,0
DA:91,0
DA:94,0
DA:98,0
DA:99,0
DA:101,0
DA:102,0
DA:106,0
DA:107,0
DA:109,0
DA:110,0
DA:114,0
DA:115,0
DA:116,0
DA:117,0
DA:118,0
DA:119,0
DA:121,0
DA:122,0
DA:127,0
DA:128,0
DA:129,0
DA:132,0
DA:133,0
DA:135,0
DA:136,0
DA:140,0
DA:141,0
DA:143,0
DA:144,0
DA:148,0
DA:149,0
DA:150,0
DA:151,0
DA:152,0
DA:153,0
DA:155,0
DA:156,0
DA:161,0
DA:162,0
DA:163,0
DA:166,0
DA:167,0
DA:169,0
DA:170,0
DA:174,0
DA:175,0
DA:177,0
DA:178,0
DA:182,0
DA:183,0
DA:184,0
DA:185,0
DA:186,0
DA:187,0
DA:189,0
DA:190,0
DA:195,0
DA:196,0
DA:197,0
DA:199,0
DA:200,0
DA:201,0
DA:202,0
DA:203,0
DA:204,0
DA:206,0
DA:207,0
DA:212,0
DA:215,0
DA:216,0
DA:217,0
DA:218,0
DA:219,0
DA:220,0
DA:221,0
DA:222,0
DA:223,0
DA:224,0
DA:225,0
DA:226,0
DA:227,0
DA:228,0
DA:229,0
DA:233,0
DA:234,0
DA:235,0
DA:236,0
DA:237,0
DA:238,0
DA:239,0
DA:240,0
DA:241,0
DA:242,0
DA:243,0
DA:244,0
DA:245,0
DA:246,0
DA:247,0
DA:248,0
DA:249,0
DA:250,0
DA:251,0
DA:257,0
DA:258,0
DA:260,0
DA:262,0
DA:263,0
DA:265,0
DA:266,0
DA:269,0
DA:270,0
DA:281,0
DA:282,0
DA:284,0
DA:288,0
DA:289,0
DA:293,0
DA:294,0
DA:295,0
DA:296,0
DA:297,0
DA:298,0
DA:299,0
DA:300,0
DA:301,0
DA:303,0
DA:304,0
DA:310,0
DA:311,0
DA:312,0
DA:325,0
DA:327,0
DA:331,0
DA:332,0
DA:333,0
DA:334,0
DA:335,0
DA:336,0
DA:337,0
DA:339,0
DA:340,0
DA:354,0
DA:355,0
DA:357,0
DA:359,0
DA:360,0
DA:361,0
DA:365,0
DA:367,0
DA:371,0
DA:373,0
DA:374,0
DA:378,0
DA:379,0
DA:382,0
DA:384,0
DA:385,0
DA:386,0
DA:387,0
DA:388,0
DA:389,0
DA:391,0
DA:392,0
DA:393,0
DA:394,0
DA:395,0
DA:398,0
DA:399,0
DA:400,0
DA:403,0
DA:404,0
DA:406,0
DA:407,0
DA:409,0
DA:410,0
DA:414,0
DA:416,0
DA:417,0
DA:438,0
DA:439,0
DA:441,0
DA:443,0
DA:444,0
DA:446,0
DA:447,0
DA:450,0
DA:451,0
DA:462,0
DA:464,0
DA:468,0
DA:472,0
DA:473,0
DA:474,0
DA:475,0
DA:476,0
DA:477,0
DA:481,0
DA:482,0
DA:484,0
DA:485,0
DA:486,0
DA:487,0
DA:489,0
DA:490,0
DA:491,0
DA:492,0
DA:500,0
DA:511,0
DA:512,0
DA:514,0
DA:516,0
DA:517,0
DA:518,0
DA:522,0
DA:524,0
DA:528,0
DA:530,0
DA:531,0
DA:535,0
DA:536,0
DA:539,0
DA:541,0
DA:542,0
DA:543,0
DA:544,0
DA:545,0
DA:546,0
DA:548,0
DA:549,0
DA:570,0
DA:571,0
DA:573,0
DA:575,0
DA:576,0
DA:577,0
DA:581,0
DA:583,0
DA:587,0
DA:589,0
DA:590,0
DA:594,0
DA:595,0
DA:598,0
DA:600,0
DA:601,0
DA:602,0
DA:603,0
DA:604,0
DA:605,0
DA:607,0
DA:608,0
DA:629,0
DA:630,0
DA:632,0
DA:634,0
DA:635,0
DA:637,0
DA:638,0
DA:641,0
DA:642,0
DA:653,0
DA:654,0
DA:656,0
DA:661,0
DA:665,0
DA:666,0
DA:667,0
DA:668,0
DA:669,0
DA:670,0
DA:674,0
DA:675,0
DA:677,0
DA:678,0
DA:679,0
DA:680,0
DA:682,0
DA:683,0
DA:684,0
DA:685,0
DA:693,0
DA:704,0
DA:705,0
DA:707,0
DA:709,0
DA:710,0
DA:711,0
DA:715,0
DA:716,0
DA:718,0
DA:723,0
DA:727,0
DA:728,0
DA:729,0
DA:730,0
DA:731,0
DA:732,0
DA:736,0
DA:737,0
DA:739,0
DA:740,0
DA:741,0
DA:742,0
DA:744,0
DA:745,0
DA:746,0
DA:747,0
DA:755,0
DA:766,0
DA:767,0
DA:769,0
DA:771,0
DA:772,0
DA:773,0
DA:777,0
DA:778,0
DA:780,0
DA:785,0
DA:789,0
DA:790,0
DA:791,0
DA:792,0
DA:793,0
DA:794,0
DA:798,0
DA:799,0
DA:801,0
DA:802,0
DA:803,0
DA:804,0
DA:806,0
DA:807,0
DA:808,0
DA:809,0
DA:817,0
DA:828,0
DA:829,0
DA:831,0
DA:833,0
DA:834,0
DA:836,0
DA:837,0
DA:840,0
DA:841,0
DA:852,0
DA:854,0
DA:858,0
DA:860,0
DA:861,0
DA:865,0
DA:866,0
DA:869,0
DA:871,0
DA:872,0
DA:873,0
DA:874,0
DA:875,0
DA:876,0
DA:878,0
DA:879,0
DA:900,0
DA:901,0
DA:903,0
DA:905,0
DA:906,0
DA:907,0
DA:911,0
DA:913,0
DA:917,0
DA:919,0
DA:920,0
DA:924,0
DA:925,0
DA:928,0
DA:930,0
DA:931,0
DA:932,0
DA:933,0
DA:934,0
DA:935,0
DA:937,0
DA:938,0
DA:959,0
DA:960,0
DA:962,0
DA:964,0
DA:965,0
DA:967,0
DA:968,0
DA:971,0
DA:972,0
DA:983,0
DA:985,0
DA:989,0
DA:991,0
DA:992,0
DA:996,0
DA:997,0
DA:1000,0
DA:1002,0
DA:1003,0
DA:1004,0
DA:1005,0
DA:1006,0
DA:1007,0
DA:1009,0
DA:1010,0
DA:1031,0
DA:1032,0
DA:1034,0
DA:1036,0
DA:1037,0
DA:1038,0
DA:1042,0
DA:1044,0
DA:1048,0
DA:1050,0
DA:1051,0
DA:1055,0
DA:1056,0
DA:1059,0
DA:1061,0
DA:1062,0
DA:1063,0
DA:1064,0
DA:1065,0
DA:1066,0
DA:1068,0
DA:1069,0
DA:1090,0
DA:1091,0
DA:1093,0
DA:1095,0
DA:1096,0
DA:1097,0
DA:1101,0
DA:1103,0
DA:1107,0
DA:1109,0
DA:1110,0
DA:1114,0
DA:1115,0
DA:1118,0
DA:1120,0
DA:1121,0
DA:1122,0
DA:1123,0
DA:1124,0
DA:1125,0
DA:1127,0
DA:1128,0
DA:1149,0
DA:1150,0
DA:1151,0
DA:1154,0
DA:1155,0
DA:1157,0
DA:1158,0
DA:1159,0
DA:1164,0
DA:1166,0
LF:491
LH:0
end_of_record
SF:lib/ui/widgets/response widgets/discrete_scale_checkbox_response.dart
DA:15,0
DA:18,0
DA:20,0
DA:25,0
DA:27,0
DA:28,0
DA:29,0
DA:31,0
DA:32,0
DA:33,0
DA:37,0
DA:38,0
DA:40,0
DA:41,0
DA:42,0
DA:43,0
DA:46,0
DA:47,0
DA:48,0
DA:53,0
DA:54,0
DA:55,0
DA:58,0
DA:59,0
DA:60,0
DA:70,0
DA:71,0
DA:72,0
DA:73,0
DA:74,0
DA:75,0
DA:77,0
DA:79,0
DA:84,0
DA:85,0
DA:86,0
DA:87,0
DA:101,0
DA:103,0
DA:105,0
DA:107,0
DA:108,0
DA:109,0
LF:43
LH:0
end_of_record
SF:lib/ui/widgets/response widgets/discrete_scale_response.dart
DA:11,0
DA:14,0
DA:15,0
DA:19,0
DA:21,0
DA:22,0
DA:23,0
DA:24,0
DA:25,0
DA:26,0
DA:27,0
DA:31,0
DA:32,0
DA:33,0
DA:36,0
DA:37,0
DA:38,0
DA:43,0
DA:44,0
DA:45,0
DA:48,0
DA:49,0
DA:50,0
DA:60,0
DA:85,0
DA:87,0
DA:89,0
DA:91,0
DA:92,0
DA:93,0
LF:30
LH:0
end_of_record
SF:lib/ui/widgets/response widgets/discrete_scale_text_response.dart
DA:12,0
DA:15,0
DA:17,0
DA:23,0
DA:25,0
DA:28,0
DA:30,0
DA:31,0
DA:32,0
DA:33,0
DA:34,0
DA:35,0
DA:37,0
DA:38,0
DA:39,0
DA:40,0
DA:41,0
DA:43,0
DA:45,0
DA:49,0
DA:50,0
DA:51,0
DA:52,0
DA:54,0
DA:55,0
DA:56,0
DA:57,0
DA:59,0
DA:66,0
DA:67,0
DA:71,0
DA:72,0
DA:73,0
DA:76,0
DA:77,0
DA:78,0
DA:83,0
DA:84,0
DA:85,0
DA:88,0
DA:89,0
DA:90,0
DA:97,0
DA:99,0
DA:101,0
DA:103,0
DA:105,0
DA:106,0
DA:107,0
LF:49
LH:0
end_of_record
SF:lib/ui/widgets/response widgets/radiobutton_checkbox_response.dart
DA:12,0
DA:14,0
DA:16,0
DA:21,0
DA:23,0
DA:24,0
DA:25,0
DA:26,0
DA:27,0
DA:28,0
DA:29,0
DA:30,0
DA:32,0
DA:33,0
DA:34,0
DA:35,0
DA:36,0
DA:37,0
DA:38,0
DA:43,0
DA:50,0
DA:51,0
DA:52,0
DA:53,0
DA:54,0
DA:55,0
DA:57,0
DA:59,0
DA:64,0
DA:65,0
DA:66,0
LF:31
LH:0
end_of_record
SF:lib/ui/widgets/response widgets/radiobutton_response.dart
DA:12,0
DA:14,0
DA:15,0
DA:19,0
DA:21,0
DA:22,0
DA:23,0
DA:24,0
DA:25,0
DA:26,0
DA:28,0
DA:29,0
DA:30,0
DA:31,0
DA:32,0
DA:33,0
DA:38,0
LF:17
LH:0
end_of_record
SF:lib/ui/widgets/response widgets/text_checkbox_response.dart
DA:14,0
DA:17,0
DA:18,0
DA:24,0
DA:26,0
DA:28,0
DA:29,0
DA:30,0
DA:31,0
DA:32,0
DA:34,0
DA:35,0
DA:36,0
DA:37,0
DA:38,0
DA:39,0
DA:40,0
DA:42,0
DA:43,0
DA:44,0
DA:45,0
DA:50,0
DA:51,0
DA:54,0
DA:55,0
DA:57,0
DA:58,0
DA:59,0
DA:60,0
DA:68,0
DA:71,0
DA:73,0
DA:74,0
DA:75,0
DA:76,0
DA:78,0
DA:79,0
DA:81,0
DA:83,0
DA:84,0
DA:89,0
DA:90,0
DA:91,0
DA:92,0
DA:106,0
DA:108,0
DA:110,0
DA:112,0
DA:113,0
DA:114,0
LF:50
LH:0
end_of_record
SF:lib/ui/widgets/response widgets/text_response.dart
DA:11,0
DA:13,0
DA:14,0
DA:20,0
DA:22,0
DA:23,0
DA:24,0
DA:26,0
DA:27,0
DA:28,0
DA:32,0
DA:33,0
DA:35,0
DA:36,0
DA:37,0
DA:38,0
DA:39,0
DA:40,0
DA:41,0
DA:43,0
DA:44,0
DA:47,0
DA:50,0
DA:51,0
DA:53,0
DA:54,0
DA:55,0
DA:56,0
DA:75,0
DA:77,0
DA:79,0
DA:81,0
DA:82,0
DA:83,0
LF:34
LH:0
end_of_record
SF:lib/ui/widgets/response widgets/vas_checkbox_response.dart
DA:14,0
DA:17,0
DA:18,0
DA:22,0
DA:24,0
DA:25,0
DA:26,0
DA:27,0
DA:28,0
DA:29,0
DA:30,0
DA:31,0
DA:33,0
DA:34,0
DA:35,0
DA:36,0
DA:38,0
DA:42,0
DA:44,0
DA:47,0
DA:48,0
DA:49,0
DA:50,0
DA:51,0
DA:52,0
DA:59,0
DA:60,0
DA:65,0
DA:67,0
DA:68,0
DA:69,0
DA:70,0
DA:71,0
DA:72,0
DA:73,0
DA:77,0
DA:78,0
DA:79,0
DA:80,0
DA:81,0
DA:82,0
DA:88,0
DA:90,0
DA:92,0
DA:94,0
DA:95,0
DA:96,0
DA:97,0
DA:100,0
DA:101,0
DA:103,0
DA:105,0
DA:110,0
DA:111,0
DA:112,0
DA:113,0
DA:119,0
DA:121,0
DA:123,0
DA:125,0
DA:126,0
DA:127,0
LF:62
LH:0
end_of_record
SF:lib/ui/widgets/response widgets/vas_response.dart
DA:11,0
DA:13,0
DA:14,0
DA:18,0
DA:20,0
DA:21,0
DA:22,0
DA:23,0
DA:24,0
DA:25,0
DA:26,0
DA:27,0
DA:28,0
DA:30,0
DA:31,0
DA:32,0
DA:33,0
DA:35,0
DA:37,0
DA:39,0
DA:41,0
DA:44,0
DA:45,0
DA:46,0
DA:47,0
DA:48,0
DA:49,0
DA:56,0
DA:57,0
DA:61,0
DA:62,0
DA:64,0
DA:65,0
DA:66,0
DA:67,0
DA:68,0
DA:69,0
DA:70,0
DA:74,0
DA:75,0
DA:76,0
DA:77,0
DA:78,0
DA:79,0
DA:86,0
DA:88,0
DA:90,0
DA:92,0
DA:93,0
DA:94,0
LF:50
LH:0
end_of_record
SF:lib/ui/widgets/response widgets/peq_slider_comp.dart
DA:7,4
DA:12,0
DA:14,0
DA:17,0
DA:29,0
DA:31,0
DA:32,0
DA:33,0
DA:35,0
DA:36,0
DA:37,0
DA:39,0
DA:40,0
DA:41,0
DA:42,0
DA:44,0
DA:45,0
DA:51,0
DA:59,0
DA:60,0
DA:61,0
DA:62,0
DA:63,0
DA:64,0
DA:66,0
DA:68,0
DA:69,0
DA:70,0
DA:73,0
DA:83,0
DA:86,0
DA:94,0
DA:95,0
DA:96,0
DA:98,0
DA:99,0
DA:100,0
DA:102,0
DA:103,0
DA:104,0
DA:105,0
DA:106,0
DA:107,0
DA:108,0
DA:109,0
DA:110,0
DA:112,0
DA:113,0
LF:48
LH:1
end_of_record
